#
# A fatal error has been detected by the Java Runtime Environment:
#
#  EXCEPTION_ACCESS_VIOLATION (0xc0000005) at pc=0x00007ffb17aac1b6, pid=8332, tid=7976
#
# JRE version: OpenJDK Runtime Environment Temurin-21.0.2+13 (21.0.2+13) (build 21.0.2+13-LTS)
# Java VM: OpenJDK 64-Bit Server VM Temurin-21.0.2+13 (21.0.2+13-LTS, mixed mode, emulated-client, tiered, compressed oops, compressed class ptrs, g1 gc, windows-amd64)
# Problematic frame:
# V  [jvm.dll+0xc1b6]
#
# No core dump will be written. Minidumps are not enabled by default on client versions of Windows
#
# If you would like to submit a bug report, please visit:
#   https://github.com/adoptium/adoptium-support/issues
#

---------------  S U M M A R Y ------------

Command Line: -XX:+ShowCodeDetailsInExceptionMessages -agentlib:jdwp=transport=dt_socket,suspend=y,address=localhost:63323 -Dcom.sun.management.jmxremote -Dcom.sun.management.jmxremote.port=63322 -Dcom.sun.management.jmxremote.authenticate=false -Dcom.sun.management.jmxremote.ssl=false -Djava.rmi.server.hostname=localhost -Dspring.jmx.enabled=true -Dmanagement.endpoints.jmx.exposure.include=* -Dspring.application.admin.enabled=true -XX:TieredStopAtLevel=1 -Dspring.boot.project.name=Online-Banking -javaagent:C:\Babu-Data\spring-tool-suite-4-4.21.0.RELEASE-e4.30.0-win32.win32.x86_64.self-extracting\contents\sts-4.21.0.RELEASE\configuration\org.eclipse.osgi\1377\0\.cp\lib\javaagent-shaded.jar -Dfile.encoding=UTF-8 -Dstdout.encoding=UTF-8 -Dstderr.encoding=UTF-8 com.obs.OBSApplication --spring.output.ansi.enabled=always

Host: Intel(R) Core(TM) i5-7200U CPU @ 2.50GHz, 4 cores, 15G,  Windows 10 , 64 bit Build 19041 (10.0.19041.3636)
Time: Tue Apr  2 01:23:24 2024 Malay Peninsula Standard Time elapsed time: 4453.282388 seconds (0d 1h 14m 13s)

---------------  T H R E A D  ---------------

Current thread (0x0000015c47cb8f10):  WorkerThread "GC Thread#1"    [id=7976, stack(0x0000000418500000,0x0000000418600000) (1024K)]

Stack: [0x0000000418500000,0x0000000418600000],  sp=0x00000004185fde28,  free space=1015k
Native frames: (J=compiled Java code, j=interpreted, Vv=VM code, C=native code)
V  [jvm.dll+0xc1b6]

JavaThread 0x0000015c4a4cf980 (nid = 6556) was being processed
Java frames: (J=compiled Java code, j=interpreted, Vv=VM code)
j  java.lang.invoke.DirectMethodHandle$Holder.newInvokeSpecial(Ljava/lang/Object;)Ljava/lang/Object;+15 java.base@21.0.2
J 916 c1 jdk.internal.reflect.DirectConstructorHandleAccessor.newInstance([Ljava/lang/Object;)Ljava/lang/Object; java.base@21.0.2 (130 bytes) @ 0x0000015c38ee8a6c [0x0000015c38ee8860+0x000000000000020c]
J 893 c1 java.lang.reflect.Constructor.newInstanceWithCaller([Ljava/lang/Object;ZLjava/lang/Class;)Ljava/lang/Object; java.base@21.0.2 (51 bytes) @ 0x0000015c38e518bc [0x0000015c38e517e0+0x00000000000000dc]
J 3247 c1 org.springframework.beans.BeanUtils.instantiateClass(Ljava/lang/reflect/Constructor;[Ljava/lang/Object;)Ljava/lang/Object; (187 bytes) @ 0x0000015c3931ab64 [0x0000015c3931a740+0x0000000000000424]
J 12699 c1 org.springframework.beans.factory.support.SimpleInstantiationStrategy.instantiate(Lorg/springframework/beans/factory/support/RootBeanDefinition;Ljava/lang/String;Lorg/springframework/beans/factory/BeanFactory;)Ljava/lang/Object; (152 bytes) @ 0x0000015c3a05a3ec [0x0000015c3a059f20+0x00000000000004cc]
J 12698 c1 org.springframework.beans.factory.support.AbstractAutowireCapableBeanFactory.instantiateBean(Ljava/lang/String;Lorg/springframework/beans/factory/support/RootBeanDefinition;)Lorg/springframework/beans/BeanWrapper; (75 bytes) @ 0x0000015c3a059374 [0x0000015c3a0592c0+0x00000000000000b4]
J 6498 c1 org.springframework.beans.factory.support.AbstractAutowireCapableBeanFactory.createBeanInstance(Ljava/lang/String;Lorg/springframework/beans/factory/support/RootBeanDefinition;[Ljava/lang/Object;)Lorg/springframework/beans/BeanWrapper; (254 bytes) @ 0x0000015c3983aad4 [0x0000015c3983a440+0x0000000000000694]
J 6497 c1 org.springframework.beans.factory.support.AbstractAutowireCapableBeanFactory.doCreateBean(Ljava/lang/String;Lorg/springframework/beans/factory/support/RootBeanDefinition;[Ljava/lang/Object;)Ljava/lang/Object; (507 bytes) @ 0x0000015c3983cd4c [0x0000015c3983cba0+0x00000000000001ac]
J 6496 c1 org.springframework.beans.factory.support.AbstractAutowireCapableBeanFactory.createBean(Ljava/lang/String;Lorg/springframework/beans/factory/support/RootBeanDefinition;[Ljava/lang/Object;)Ljava/lang/Object; (247 bytes) @ 0x0000015c39838414 [0x0000015c39837dc0+0x0000000000000654]
J 6540 c1 org.springframework.beans.factory.support.AbstractBeanFactory$$Lambda+0x00000008003452e8.getObject()Ljava/lang/Object; (20 bytes) @ 0x0000015c3984e5bc [0x0000015c3984e520+0x000000000000009c]
J 6539 c1 org.springframework.beans.factory.support.DefaultSingletonBeanRegistry.getSingleton(Ljava/lang/String;Lorg/springframework/beans/factory/ObjectFactory;)Ljava/lang/Object; (297 bytes) @ 0x0000015c398506a4 [0x0000015c39850220+0x0000000000000484]
J 3638 c1 org.springframework.beans.factory.support.AbstractBeanFactory.doGetBean(Ljava/lang/String;Ljava/lang/Class;[Ljava/lang/Object;Z)Ljava/lang/Object; (832 bytes) @ 0x0000015c393bbf64 [0x0000015c393bb8e0+0x0000000000000684]
J 6274 c1 org.springframework.beans.factory.support.AbstractBeanFactory.getBean(Ljava/lang/String;)Ljava/lang/Object; (9 bytes) @ 0x0000015c397c4cb4 [0x0000015c397c4c40+0x0000000000000074]
j  org.springframework.beans.factory.support.DefaultListableBeanFactory.preInstantiateSingletons()V+248
j  org.springframework.context.support.AbstractApplicationContext.finishBeanFactoryInitialization(Lorg/springframework/beans/factory/config/ConfigurableListableBeanFactory;)V+124
j  org.springframework.context.support.AbstractApplicationContext.refresh()V+86
j  org.springframework.boot.web.servlet.context.ServletWebServerApplicationContext.refresh()V+1
j  org.springframework.boot.SpringApplication.refresh(Lorg/springframework/context/ConfigurableApplicationContext;)V+1
j  org.springframework.boot.SpringApplication.refreshContext(Lorg/springframework/context/ConfigurableApplicationContext;)V+16
j  org.springframework.boot.SpringApplication.run([Ljava/lang/String;)Lorg/springframework/context/ConfigurableApplicationContext;+107
j  org.springframework.boot.SpringApplication.run([Ljava/lang/Class;[Ljava/lang/String;)Lorg/springframework/context/ConfigurableApplicationContext;+9
j  org.springframework.boot.SpringApplication.run(Ljava/lang/Class;[Ljava/lang/String;)Lorg/springframework/context/ConfigurableApplicationContext;+9
j  com.obs.OBSApplication.main([Ljava/lang/String;)V+3
j  java.lang.invoke.LambdaForm$DMH+0x00000008000c4c00.invokeStatic(Ljava/lang/Object;Ljava/lang/Object;)V+10 java.base@21.0.2
j  java.lang.invoke.LambdaForm$MH+0x00000008001ae800.invoke(Ljava/lang/Object;Ljava/lang/Object;Ljava/lang/Object;)Ljava/lang/Object;+33 java.base@21.0.2
J 4337 c1 jdk.internal.reflect.DirectMethodHandleAccessor.invoke(Ljava/lang/Object;[Ljava/lang/Object;)Ljava/lang/Object; java.base@21.0.2 (92 bytes) @ 0x0000015c394f8e84 [0x0000015c394f8b20+0x0000000000000364]
J 4386 c1 java.lang.reflect.Method.invoke(Ljava/lang/Object;[Ljava/lang/Object;)Ljava/lang/Object; java.base@21.0.2 (108 bytes) @ 0x0000015c3950b3f4 [0x0000015c3950b200+0x00000000000001f4]
j  org.springframework.boot.devtools.restart.RestartLauncher.run()V+47
v  ~StubRoutines::call_stub 0x0000015c38b4100d

siginfo: EXCEPTION_ACCESS_VIOLATION (0xc0000005), reading address 0x00000008433e735f


Registers:
RAX=0x0000000000000000, RBX=0x0000000000000000, RCX=0x00000004188fdea0, RDX=0x00000004188fdea0
RSP=0x00000004185fde28, RBP=0x00000004185fe000, RSI=0x00000004185fe1d0, RDI=0x00000004188fdea0
R8 =0x00000008433e7357, R9 =0x00000004188fdea0, R10=0x0000015c38b40000, R11=0x00000004185fe078
R12=0x0000015c47178dd8, R13=0x00000004188fdea0, R14=0x0000015c4a2bcce0, R15=0x00000008433e7357
RIP=0x00007ffb17aac1b6, EFLAGS=0x0000000000010202


Register to memory mapping:

RAX=0x0 is null
RBX=0x0 is null
RCX=0x00000004188fdea0 is pointing into the stack for thread: 0x0000015c4a4cf980
RDX=0x00000004188fdea0 is pointing into the stack for thread: 0x0000015c4a4cf980
RSP=0x00000004185fde28 points into unknown readable memory: 0x00007ffb17df59db | db 59 df 17 fb 7f 00 00
RBP=0x00000004185fe000 points into unknown readable memory: 0x0000000400000001 | 01 00 00 00 04 00 00 00
RSI=0x00000004185fe1d0 points into unknown readable memory: 0x00000004188fde98 | 98 de 8f 18 04 00 00 00
RDI=0x00000004188fdea0 is pointing into the stack for thread: 0x0000015c4a4cf980
R8 =0x00000008433e7357 is an unknown value
R9 =0x00000004188fdea0 is pointing into the stack for thread: 0x0000015c4a4cf980
R10=0x0000015c38b40000 points into unknown readable memory: 0x0000000000000006 | 06 00 00 00 00 00 00 00
R11=0x00000004185fe078 points into unknown readable memory: 0x00007ffb17db3f7d | 7d 3f db 17 fb 7f 00 00
R12=0x0000015c47178dd8 points into unknown readable memory: 0x4c2800322cabffff | ff ff ab 2c 32 00 28 4c
R13=0x00000004188fdea0 is pointing into the stack for thread: 0x0000015c4a4cf980
R14=0x0000015c4a2bcce0 points into unknown readable memory: 0x00007ffb184c27d8 | d8 27 4c 18 fb 7f 00 00
R15=0x00000008433e7357 is an unknown value

Top of Stack: (sp=0x00000004185fde28)
0x00000004185fde28:   00007ffb17df59db 0000000000000000
0x00000004185fde38:   00007ffb18137e13 0000000000000344
0x00000004185fde48:   00007ffb1815814f 0000015c47cf6198
0x00000004185fde58:   00007ffb17e0403e 0000015c470c4108
0x00000004185fde68:   00007ffb18232111 0000000000000055
0x00000004185fde78:   0000000000000008 0000000000000002
0x00000004185fde88:   0000000000000000 0000015c32e6ada0
0x00000004185fde98:   0000015c470c3d20 0000015c47178dd8
0x00000004185fdea8:   00000004188fdea0 00000004185fe1d0
0x00000004185fdeb8:   00000004185fe000 0000015c47cf6198
0x00000004185fdec8:   00007ffb17e03fe4 00000004185fdf90
0x00000004185fded8:   00000004185fe1d0 0000015c42da7980
0x00000004185fdee8:   0000000000000000 0000015c47cf6198
0x00000004185fdef8:   00007ffb17db452b 0000000000000001
0x00000004185fdf08:   0000015c433e7368 0000015c47cf6198
0x00000004185fdf18:   00000004185fe1d0 0000000f38daaf01
0x00000004185fdf28:   0000015c433e7368 0000015c47cb8f10
0x00000004185fdf38:   0000015c00000003 00000000000003d8
0x00000004185fdf48:   0000015c470c3d30 0000015c470c4108
0x00000004185fdf58:   0000015c433e7357 0000015c000000b8
0x00000004185fdf68:   0000015c433e7368 00007ffb184b9f00
0x00000004185fdf78:   00000004185fe1d0 0000015c47cf6198
0x00000004185fdf88:   0000000500000002 0000015c47178dd8
0x00000004185fdf98:   0000001300000001 0000000000000032
0x00000004185fdfa8:   000000010000000c 0000015c42da7980
0x00000004185fdfb8:   0000000000000000 0000015c483eb5e4
0x00000004185fdfc8:   0000e5c800000002 0000000300000001
0x00000004185fdfd8:   0000ffff09c8e000 00007ffb182f5820
0x00000004185fdfe8:   0000015c47cf6198 0000015c4421e468
0x00000004185fdff8:   00000006470c001c 0000000400000001
0x00000004185fe008:   0000000000000019 0000015c47cf6198
0x00000004185fe018:   00007ffb17e0403e 0000000000000000 

Instructions: (pc=0x00007ffb17aac1b6)
0x00007ffb17aac0b6:   48 8b 05 33 43 cc 00 48 8b 48 60 48 8b 04 d1 48
0x00007ffb17aac0c6:   85 c0 75 08 48 8b 05 27 43 cc 00 c3 48 8b 05 17
0x00007ffb17aac0d6:   43 cc 00 c3 cc cc cc cc cc cc 8b 05 d2 1e c1 00
0x00007ffb17aac0e6:   c3 cc cc cc cc cc cc cc cc cc 0f b6 05 23 35 c1
0x00007ffb17aac0f6:   00 48 8b d1 84 c0 74 16 44 8b 41 08 8b 0d b0 1e
0x00007ffb17aac106:   c1 00 49 d3 e0 4c 03 05 9e 1e c1 00 eb 04 4c 8b
0x00007ffb17aac116:   41 08 45 8b 48 08 45 85 c9 7e 0e 41 f6 c1 01 75
0x00007ffb17aac126:   53 41 c1 f9 03 49 63 c1 c3 79 49 84 c0 41 b8 0c
0x00007ffb17aac136:   00 00 00 8b 05 e9 2f c1 00 b9 10 00 00 00 41 0f
0x00007ffb17aac146:   45 c8 ff c8 4c 63 c0 41 8b c1 48 c1 f8 10 0f b6
0x00007ffb17aac156:   c0 48 63 14 11 41 8b c9 83 e1 3f 48 d3 e2 49 8d
0x00007ffb17aac166:   0c 10 49 f7 d0 48 03 c1 49 c1 e8 03 48 c1 e8 03
0x00007ffb17aac176:   49 23 c0 c3 49 8b 00 49 8b c8 48 ff a0 00 01 00
0x00007ffb17aac186:   00 cc cc cc cc cc cc cc cc cc 8b 44 24 30 45 03
0x00007ffb17aac196:   c9 44 2b 4c 24 28 83 c0 0b 44 03 ca 45 03 c8 41
0x00007ffb17aac1a6:   03 c1 c3 cc cc cc cc cc cc cc 4c 8b c2 48 8b d1
0x00007ffb17aac1b6:   45 8b 48 08 45 85 c9 7e 0e 41 f6 c1 01 75 56 41
0x00007ffb17aac1c6:   c1 f9 03 49 63 c1 c3 79 4c 80 3d 44 34 c1 00 00
0x00007ffb17aac1d6:   b8 0c 00 00 00 b9 10 00 00 00 0f 45 c8 8b 05 3f
0x00007ffb17aac1e6:   2f c1 00 ff c8 4c 63 c0 41 8b c1 48 c1 f8 10 48
0x00007ffb17aac1f6:   63 14 11 41 8b c9 83 e1 3f 0f b6 c0 48 d3 e2 49
0x00007ffb17aac206:   8d 0c 10 49 f7 d0 48 03 c1 49 c1 e8 03 48 c1 e8
0x00007ffb17aac216:   03 49 23 c0 c3 49 8b 00 49 8b c8 48 ff a0 00 01
0x00007ffb17aac226:   00 00 cc cc cc cc cc cc cc cc 48 8b 41 08 0f b7
0x00007ffb17aac236:   48 2c 0f b7 40 2a 83 c0 48 03 c1 c3 cc cc cc cc
0x00007ffb17aac246:   cc cc cc cc cc cc cc cc cc cc 48 89 5c 24 08 57
0x00007ffb17aac256:   48 83 ec 20 0f b6 05 df 2a cc 00 48 8b fa 48 8b
0x00007ffb17aac266:   d9 84 c0 74 4f 48 85 15 86 22 cc 00 74 38 48 8b
0x00007ffb17aac276:   ca e8 84 84 8c 00 48 8b d0 48 85 db 74 25 48 85
0x00007ffb17aac286:   c0 74 20 48 8b c7 f0 48 0f b1 13 74 16 48 85 05
0x00007ffb17aac296:   5e 22 cc 00 74 0d 48 8b c8 f0 48 0f b1 13 48 3b
0x00007ffb17aac2a6:   c1 75 ea 48 8b fa 48 8b c7 48 8b 5c 24 30 48 83 


Stack slot to memory mapping:

stack at sp + 0 slots: 0x00007ffb17df59db jvm.dll
stack at sp + 1 slots: 0x0 is null
stack at sp + 2 slots: 0x00007ffb18137e13 jvm.dll
stack at sp + 3 slots: 0x0000000000000344 is an unknown value
stack at sp + 4 slots: 0x00007ffb1815814f jvm.dll
stack at sp + 5 slots: 0x0000015c47cf6198 points into unknown readable memory: 0x00007ffb184c44a0 | a0 44 4c 18 fb 7f 00 00
stack at sp + 6 slots: 0x00007ffb17e0403e jvm.dll
stack at sp + 7 slots: 0x0000015c470c4108 points into unknown readable memory: 0x88000600323f31c2 | c2 31 3f 32 00 06 00 88


---------------  P R O C E S S  ---------------

Threads class SMR info:
_java_thread_list=0x0000015c4acb9e80, length=28, elements={
0x0000015c47089d20, 0x0000015c47058a80, 0x0000015c470599f0, 0x0000015c4706cdf0,
0x0000015c4708d740, 0x0000015c47060330, 0x0000015c470616e0, 0x0000015c471e0170,
0x0000015c4729e930, 0x0000015c4729efb0, 0x0000015c472c5f60, 0x0000015c47b9a4b0,
0x0000015c47e76a60, 0x0000015c47e7d3e0, 0x0000015c47cd1b50, 0x0000015c482e3870,
0x0000015c482e2630, 0x0000015c483c0fc0, 0x0000015c485208e0, 0x0000015c4a4d0d30,
0x0000015c4a4cec60, 0x0000015c4a4d13c0, 0x0000015c4a4d0010, 0x0000015c4a4cf980,
0x0000015c4a4d06a0, 0x0000015c4a4cf2f0, 0x0000015c4a4d1a50, 0x0000015c4a4d2e00
}

Java Threads: ( => current thread )
  0x0000015c47089d20 JavaThread "Reference Handler"          daemon [_thread_blocked, id=12792, stack(0x0000000417800000,0x0000000417900000) (1024K)]
  0x0000015c47058a80 JavaThread "Finalizer"                  daemon [_thread_blocked, id=2720, stack(0x0000000417900000,0x0000000417a00000) (1024K)]
  0x0000015c470599f0 JavaThread "Signal Dispatcher"          daemon [_thread_blocked, id=1292, stack(0x0000000417a00000,0x0000000417b00000) (1024K)]
  0x0000015c4706cdf0 JavaThread "Attach Listener"            daemon [_thread_blocked, id=9000, stack(0x0000000417b00000,0x0000000417c00000) (1024K)]
  0x0000015c4708d740 JavaThread "Service Thread"             daemon [_thread_blocked, id=6756, stack(0x0000000417c00000,0x0000000417d00000) (1024K)]
  0x0000015c47060330 JavaThread "Monitor Deflation Thread"   daemon [_thread_blocked, id=11004, stack(0x0000000417d00000,0x0000000417e00000) (1024K)]
  0x0000015c470616e0 JavaThread "C1 CompilerThread0"         daemon [_thread_blocked, id=9856, stack(0x0000000417e00000,0x0000000417f00000) (1024K)]
  0x0000015c471e0170 JavaThread "Common-Cleaner"             daemon [_thread_blocked, id=624, stack(0x0000000417f00000,0x0000000418000000) (1024K)]
  0x0000015c4729e930 JavaThread "JDWP Transport Listener: dt_socket" daemon [_thread_blocked, id=8896, stack(0x0000000418100000,0x0000000418200000) (1024K)]
  0x0000015c4729efb0 JavaThread "JDWP Event Helper Thread"   daemon [_thread_blocked, id=6644, stack(0x0000000418200000,0x0000000418300000) (1024K)]
  0x0000015c472c5f60 JavaThread "JDWP Command Reader"        daemon [_thread_in_native, id=6708, stack(0x0000000418300000,0x0000000418400000) (1024K)]
  0x0000015c47b9a4b0 JavaThread "Notification Thread"        daemon [_thread_blocked, id=2352, stack(0x0000000418400000,0x0000000418500000) (1024K)]
  0x0000015c47e76a60 JavaThread "RMI TCP Accept-0"           daemon [_thread_in_native, id=5832, stack(0x0000000418900000,0x0000000418a00000) (1024K)]
  0x0000015c47e7d3e0 JavaThread "RMI TCP Accept-63322"       daemon [_thread_in_native, id=4592, stack(0x0000000418a00000,0x0000000418b00000) (1024K)]
  0x0000015c47cd1b50 JavaThread "RMI TCP Accept-0"           daemon [_thread_in_native, id=2844, stack(0x0000000418b00000,0x0000000418c00000) (1024K)]
  0x0000015c482e3870 JavaThread "RMI Scheduler(0)"           daemon [_thread_blocked, id=4748, stack(0x0000000418d00000,0x0000000418e00000) (1024K)]
  0x0000015c482e2630 JavaThread "RMI TCP Connection(77)-127.0.0.1" daemon [_thread_in_native, id=2840, stack(0x0000000418e00000,0x0000000418f00000) (1024K)]
  0x0000015c483c0fc0 JavaThread "JMX server connection timeout 33" daemon [_thread_blocked, id=2904, stack(0x0000000418f00000,0x0000000419000000) (1024K)]
  0x0000015c485208e0 JavaThread "mysql-cj-abandoned-connection-cleanup" daemon [_thread_blocked, id=10976, stack(0x0000000419500000,0x0000000419600000) (1024K)]
  0x0000015c4a4d0d30 JavaThread "Live Reload Server"         daemon [_thread_in_native, id=3608, stack(0x0000000419b00000,0x0000000419c00000) (1024K)]
  0x0000015c4a4cec60 JavaThread "DestroyJavaVM"                     [_thread_blocked, id=6212, stack(0x0000000417000000,0x0000000417100000) (1024K)]
  0x0000015c4a4d13c0 JavaThread "File Watcher"               daemon [_thread_blocked, id=10216, stack(0x0000000418000000,0x0000000418100000) (1024K)]
  0x0000015c4a4d0010 JavaThread "Thread-30"                         [_thread_blocked, id=3108, stack(0x0000000416d00000,0x0000000416e00000) (1024K)]
  0x0000015c4a4cf980 JavaThread "restartedMain"                     [_thread_blocked, id=6556, stack(0x0000000418800000,0x0000000418900000) (1024K)]
  0x0000015c4a4d06a0 JavaThread "Catalina-utility-1"                [_thread_blocked, id=6440, stack(0x0000000418c00000,0x0000000418d00000) (1024K)]
  0x0000015c4a4cf2f0 JavaThread "Catalina-utility-2"                [_thread_blocked, id=14784, stack(0x0000000419000000,0x0000000419100000) (1024K)]
  0x0000015c4a4d1a50 JavaThread "container-1"                       [_thread_blocked, id=14328, stack(0x0000000419100000,0x0000000419200000) (1024K)]
  0x0000015c4a4d2e00 JavaThread "HikariPool-9 housekeeper"   daemon [_thread_blocked, id=5704, stack(0x0000000419200000,0x0000000419300000) (1024K)]
Total: 28

Other Threads:
  0x0000015c42f04930 VMThread "VM Thread"                           [id=824, stack(0x0000000417700000,0x0000000417800000) (1024K)]
  0x0000015c42e879e0 WatcherThread "VM Periodic Task Thread"        [id=5688, stack(0x0000000417600000,0x0000000417700000) (1024K)]
  0x0000015c350a6950 WorkerThread "GC Thread#0"                     [id=3940, stack(0x0000000417100000,0x0000000417200000) (1024K)]
=>0x0000015c47cb8f10 WorkerThread "GC Thread#1"                     [id=7976, stack(0x0000000418500000,0x0000000418600000) (1024K)]
  0x0000015c47cbd6c0 WorkerThread "GC Thread#2"                     [id=2664, stack(0x0000000418600000,0x0000000418700000) (1024K)]
  0x0000015c47cbfa70 WorkerThread "GC Thread#3"                     [id=7468, stack(0x0000000418700000,0x0000000418800000) (1024K)]
  0x0000015c350b9150 ConcurrentGCThread "G1 Main Marker"            [id=2148, stack(0x0000000417200000,0x0000000417300000) (1024K)]
  0x0000015c350b9e00 WorkerThread "G1 Conc#0"                       [id=6672, stack(0x0000000417300000,0x0000000417400000) (1024K)]
  0x0000015c350fe250 ConcurrentGCThread "G1 Refine#0"               [id=10396, stack(0x0000000417400000,0x0000000417500000) (1024K)]
  0x0000015c42d4c8d0 ConcurrentGCThread "G1 Service"                [id=12292, stack(0x0000000417500000,0x0000000417600000) (1024K)]
Total: 10

Threads with active compile tasks:
Total: 0

VM state: at safepoint (normal execution)

VM Mutex/Monitor currently owned by a thread:  ([mutex/lock_event])
[0x00007ffb18743198] Threads_lock - owner thread: 0x0000015c42f04930
[0x00007ffb18743298] Heap_lock - owner thread: 0x0000015c4a4d13c0

Heap address: 0x0000000701400000, size: 4076 MB, Compressed Oops mode: Zero based, Oop shift amount: 3

CDS archive(s) not mapped
Compressed class space mapped at: 0x0000000800000000-0x0000000840000000, reserved size: 1073741824
Narrow klass base: 0x0000000800000000, Narrow klass shift: 0, Narrow klass range: 0x40000000

GC Precious Log:
 CardTable entry size: 512
 Card Set container configuration: InlinePtr #cards 4 size 8 Array Of Cards #cards 16 size 48 Howl #buckets 8 coarsen threshold 3686 Howl Bitmap #cards 512 size 80 coarsen threshold 460 Card regions per heap region 1 cards per card region 4096
 CPUs: 4 total, 4 available
 Memory: 16300M
 Large Page Support: Disabled
 NUMA Support: Disabled
 Compressed Oops: Enabled (Zero based)
 Heap Region Size: 2M
 Heap Min Capacity: 8M
 Heap Initial Capacity: 256M
 Heap Max Capacity: 4076M
 Pre-touch: Disabled
 Parallel Workers: 4
 Concurrent Workers: 1
 Concurrent Refinement Workers: 4
 Periodic GC: Disabled

Heap:
 garbage-first heap   total 90112K, used 75305K [0x0000000701400000, 0x0000000800000000)
  region size 2048K, 24 young (49152K), 2 survivors (4096K)
 Metaspace       used 78730K, committed 79424K, reserved 1179648K
  class space    used 10191K, committed 10560K, reserved 1048576K

Heap Regions: E=young(eden), S=young(survivor), O=old, HS=humongous(starts), HC=humongous(continues), CS=collection set, F=free, TAMS=top-at-mark-start, PB=parsable bottom
|   0|0x0000000701400000, 0x00000007015ffff0, 0x0000000701600000| 99%| O|  |TAMS 0x0000000701400000| PB 0x0000000701400000| Untracked 
|   1|0x0000000701600000, 0x00000007017ffa00, 0x0000000701800000| 99%| O|  |TAMS 0x0000000701600000| PB 0x0000000701600000| Untracked 
|   2|0x0000000701800000, 0x00000007019f8c00, 0x0000000701a00000| 98%| O|  |TAMS 0x0000000701800000| PB 0x0000000701800000| Untracked 
|   3|0x0000000701a00000, 0x0000000701bfffe8, 0x0000000701c00000| 99%| O|  |TAMS 0x0000000701a00000| PB 0x0000000701a00000| Untracked 
|   4|0x0000000701c00000, 0x0000000701dff2a0, 0x0000000701e00000| 99%| O|  |TAMS 0x0000000701c00000| PB 0x0000000701c00000| Untracked 
|   5|0x0000000701e00000, 0x0000000701ffffe8, 0x0000000702000000| 99%| O|  |TAMS 0x0000000701e00000| PB 0x0000000701e00000| Untracked 
|   6|0x0000000702000000, 0x00000007021fffa0, 0x0000000702200000| 99%| O|  |TAMS 0x0000000702000000| PB 0x0000000702000000| Untracked 
|   7|0x0000000702200000, 0x0000000702400000, 0x0000000702400000|100%| O|  |TAMS 0x0000000702200000| PB 0x0000000702200000| Untracked 
|   8|0x0000000702400000, 0x0000000702600000, 0x0000000702600000|100%| O|  |TAMS 0x0000000702400000| PB 0x0000000702400000| Untracked 
|   9|0x0000000702600000, 0x00000007027fffe0, 0x0000000702800000| 99%| O|  |TAMS 0x0000000702600000| PB 0x0000000702600000| Untracked 
|  10|0x0000000702800000, 0x00000007029fffc8, 0x0000000702a00000| 99%| O|  |TAMS 0x0000000702800000| PB 0x0000000702800000| Untracked 
|  11|0x0000000702a00000, 0x0000000702bfffe8, 0x0000000702c00000| 99%| O|  |TAMS 0x0000000702a00000| PB 0x0000000702a00000| Untracked 
|  12|0x0000000702c00000, 0x0000000702cd75b0, 0x0000000702e00000| 42%| O|  |TAMS 0x0000000702c00000| PB 0x0000000702c00000| Untracked 
|  13|0x0000000702e00000, 0x0000000702e2bfc8, 0x0000000703000000|  8%| O|Cm|TAMS 0x0000000702e00000| PB 0x0000000702e00000| Complete 
|  14|0x0000000703000000, 0x000000070308f6f8, 0x0000000703200000| 28%| O|  |TAMS 0x0000000703000000| PB 0x0000000703000000| Untracked 
|  15|0x0000000703200000, 0x0000000703400000, 0x0000000703400000|100%| O|  |TAMS 0x0000000703200000| PB 0x0000000703200000| Untracked 
|  16|0x0000000703400000, 0x0000000703503e00, 0x0000000703600000| 50%| O|  |TAMS 0x0000000703400000| PB 0x0000000703400000| Untracked 
|  17|0x0000000703600000, 0x0000000703600000, 0x0000000703800000|  0%| F|  |TAMS 0x0000000703600000| PB 0x0000000703600000| Untracked 
|  18|0x0000000703800000, 0x00000007039e9740, 0x0000000703a00000| 95%| S|  |TAMS 0x0000000703800000| PB 0x0000000703800000| Complete 
|  19|0x0000000703a00000, 0x0000000703c00000, 0x0000000703c00000|100%| E|CS|TAMS 0x0000000703a00000| PB 0x0000000703a00000| Complete 
|  20|0x0000000703c00000, 0x0000000703e00000, 0x0000000703e00000|100%| E|CS|TAMS 0x0000000703c00000| PB 0x0000000703c00000| Complete 
|  21|0x0000000703e00000, 0x0000000704000000, 0x0000000704000000|100%| S|  |TAMS 0x0000000703e00000| PB 0x0000000703e00000| Complete 
|  22|0x0000000704000000, 0x0000000704200000, 0x0000000704200000|100%| E|CS|TAMS 0x0000000704000000| PB 0x0000000704000000| Complete 
|  23|0x0000000704200000, 0x0000000704400000, 0x0000000704400000|100%| E|CS|TAMS 0x0000000704200000| PB 0x0000000704200000| Complete 
|  24|0x0000000704400000, 0x0000000704600000, 0x0000000704600000|100%| E|CS|TAMS 0x0000000704400000| PB 0x0000000704400000| Complete 
|  25|0x0000000704600000, 0x0000000704800000, 0x0000000704800000|100%| E|CS|TAMS 0x0000000704600000| PB 0x0000000704600000| Complete 
|  26|0x0000000704800000, 0x0000000704a00000, 0x0000000704a00000|100%| E|CS|TAMS 0x0000000704800000| PB 0x0000000704800000| Complete 
|  27|0x0000000704a00000, 0x0000000704c00000, 0x0000000704c00000|100%| E|CS|TAMS 0x0000000704a00000| PB 0x0000000704a00000| Complete 
|  28|0x0000000704c00000, 0x0000000704e00000, 0x0000000704e00000|100%| E|CS|TAMS 0x0000000704c00000| PB 0x0000000704c00000| Complete 
|  29|0x0000000704e00000, 0x0000000705000000, 0x0000000705000000|100%| E|CS|TAMS 0x0000000704e00000| PB 0x0000000704e00000| Complete 
|  30|0x0000000705000000, 0x0000000705200000, 0x0000000705200000|100%| E|CS|TAMS 0x0000000705000000| PB 0x0000000705000000| Complete 
|  31|0x0000000705200000, 0x0000000705400000, 0x0000000705400000|100%| E|CS|TAMS 0x0000000705200000| PB 0x0000000705200000| Complete 
|  32|0x0000000705400000, 0x0000000705600000, 0x0000000705600000|100%| E|CS|TAMS 0x0000000705400000| PB 0x0000000705400000| Complete 
|  33|0x0000000705600000, 0x0000000705800000, 0x0000000705800000|100%| E|CS|TAMS 0x0000000705600000| PB 0x0000000705600000| Complete 
|  34|0x0000000705800000, 0x0000000705a00000, 0x0000000705a00000|100%| E|CS|TAMS 0x0000000705800000| PB 0x0000000705800000| Complete 
|  35|0x0000000705a00000, 0x0000000705c00000, 0x0000000705c00000|100%| E|CS|TAMS 0x0000000705a00000| PB 0x0000000705a00000| Complete 
|  36|0x0000000705c00000, 0x0000000705e00000, 0x0000000705e00000|100%| E|CS|TAMS 0x0000000705c00000| PB 0x0000000705c00000| Complete 
|  37|0x0000000705e00000, 0x0000000706000000, 0x0000000706000000|100%| E|CS|TAMS 0x0000000705e00000| PB 0x0000000705e00000| Complete 
|  38|0x0000000706000000, 0x0000000706200000, 0x0000000706200000|100%| E|CS|TAMS 0x0000000706000000| PB 0x0000000706000000| Complete 
|  39|0x0000000706200000, 0x0000000706400000, 0x0000000706400000|100%| E|CS|TAMS 0x0000000706200000| PB 0x0000000706200000| Complete 
|  40|0x0000000706400000, 0x0000000706600000, 0x0000000706600000|100%| E|CS|TAMS 0x0000000706400000| PB 0x0000000706400000| Complete 
|  41|0x0000000706600000, 0x0000000706800000, 0x0000000706800000|100%| E|CS|TAMS 0x0000000706600000| PB 0x0000000706600000| Complete 
|  42|0x0000000706800000, 0x0000000706a00000, 0x0000000706a00000|100%| E|CS|TAMS 0x0000000706800000| PB 0x0000000706800000| Complete 
|  43|0x0000000706a00000, 0x0000000706c00000, 0x0000000706c00000|100%| E|CS|TAMS 0x0000000706a00000| PB 0x0000000706a00000| Complete 

Card table byte_map: [0x0000015c3c340000,0x0000015c3cb40000] _byte_map_base: 0x0000015c38b36000

Marking Bits: (CMBitMap*) 0x0000015c350a7050
 Bits: [0x0000015c3cb40000, 0x0000015c40af0000)

Polling page: 0x0000015c34800000

Metaspace:

Usage:
  Non-class:     66.93 MB used.
      Class:      9.95 MB used.
       Both:     76.88 MB used.

Virtual space:
  Non-class space:      128.00 MB reserved,      67.25 MB ( 53%) committed,  2 nodes.
      Class space:        1.00 GB reserved,      10.31 MB (  1%) committed,  1 nodes.
             Both:        1.12 GB reserved,      77.56 MB (  7%) committed. 

Chunk freelists:
   Non-Class:  12.64 MB
       Class:  5.81 MB
        Both:  18.44 MB

MaxMetaspaceSize: unlimited
CompressedClassSpaceSize: 1.00 GB
Initial GC threshold: 21.00 MB
Current GC threshold: 129.19 MB
CDS: off
 - commit_granule_bytes: 65536.
 - commit_granule_words: 8192.
 - virtual_space_node_default_size: 8388608.
 - enlarge_chunks_in_place: 1.
 - use_allocation_guard: 0.


Internal statistics:

num_allocs_failed_limit: 9.
num_arena_births: 1866.
num_arena_deaths: 1192.
num_vsnodes_births: 3.
num_vsnodes_deaths: 0.
num_space_committed: 1262.
num_space_uncommitted: 16.
num_chunks_returned_to_freelist: 1860.
num_chunks_taken_from_freelist: 5185.
num_chunk_merges: 379.
num_chunk_splits: 2921.
num_chunks_enlarged: 2221.
num_inconsistent_stats: 0.

CodeCache: size=49152Kb used=18471Kb max_used=23277Kb free=30680Kb
 bounds [0x0000015c38b40000, 0x0000015c3a210000, 0x0000015c3bb40000]
 total_blobs=9203 nmethods=8509 adapters=616
 compilation: enabled
              stopped_count=0, restarted_count=0
 full_count=0

Compilation events (20 events):
Event: 4444.750 Thread 0x0000015c470616e0 17032   !   1       jdk.proxy2.$Proxy23::annotationType (29 bytes)
Event: 4444.751 Thread 0x0000015c470616e0 nmethod 17032 0x0000015c39f78910 code [0x0000015c39f78ae0, 0x0000015c39f78d50]
Event: 4444.759 Thread 0x0000015c470616e0 17033       1       java.util.regex.CharPredicates$$Lambda/0x00000008000b36c0::is (5 bytes)
Event: 4444.759 Thread 0x0000015c4acaab90 17034       1       java.util.regex.CharPredicates::lambda$ASCII_DIGIT$18 (20 bytes)
Event: 4444.759 Thread 0x0000015c4acaab90 nmethod 17034 0x0000015c398df610 code [0x0000015c398df7a0, 0x0000015c398df890]
Event: 4444.759 Thread 0x0000015c470616e0 nmethod 17033 0x0000015c398e9090 code [0x0000015c398e9220, 0x0000015c398e9330]
Event: 4444.788 Thread 0x0000015c4acaab90 17036       1       org.springframework.aop.framework.adapter.MethodBeforeAdviceAdapter::supportsAdvice (5 bytes)
Event: 4444.788 Thread 0x0000015c470616e0 17035       1       org.springframework.aop.framework.adapter.DefaultAdvisorAdapterRegistry::getInterceptors (133 bytes)
Event: 4444.788 Thread 0x0000015c4acaab90 nmethod 17036 0x0000015c39ed9390 code [0x0000015c39ed9520, 0x0000015c39ed9648]
Event: 4444.789 Thread 0x0000015c4acaab90 17037       1       org.springframework.aop.framework.adapter.AfterReturningAdviceAdapter::supportsAdvice (5 bytes)
Event: 4444.789 Thread 0x0000015c4acaab90 nmethod 17037 0x0000015c39f1c110 code [0x0000015c39f1c2a0, 0x0000015c39f1c3c8]
Event: 4444.789 Thread 0x0000015c4acaab90 17038       1       org.springframework.aop.framework.adapter.ThrowsAdviceAdapter::supportsAdvice (5 bytes)
Event: 4444.789 Thread 0x0000015c4acaab90 nmethod 17038 0x0000015c39f28d10 code [0x0000015c39f28ea0, 0x0000015c39f28fc8]
Event: 4444.790 Thread 0x0000015c470616e0 nmethod 17035 0x0000015c399cfe10 code [0x0000015c399d00a0, 0x0000015c399d0a08]
Event: 4444.798 Thread 0x0000015c4acaab90 17039       1       org.springframework.cglib.core.CodeEmitter::store_local (13 bytes)
Event: 4444.798 Thread 0x0000015c470616e0 17040       1       org.springframework.cglib.core.CodeEmitter::store_local (15 bytes)
Event: 4444.798 Thread 0x0000015c470616e0 nmethod 17040 0x0000015c398f6210 code [0x0000015c398f63c0, 0x0000015c398f6510]
Event: 4444.798 Thread 0x0000015c4acaab90 nmethod 17039 0x0000015c39f87490 code [0x0000015c39f87640, 0x0000015c39f877a0]
Event: 4445.914 Thread 0x0000015c4acaab90 17041       1       sun.rmi.transport.tcp.TCPConnection::getOutputStream (30 bytes)
Event: 4445.916 Thread 0x0000015c4acaab90 nmethod 17041 0x0000015c39f88090 code [0x0000015c39f88260, 0x0000015c39f88530]

GC Heap History (20 events):
Event: 4104.323 GC heap after
{Heap after GC invocations=60 (full 4):
 garbage-first heap   total 90112K, used 33798K [0x0000000701400000, 0x0000000800000000)
  region size 2048K, 1 young (2048K), 1 survivors (2048K)
 Metaspace       used 78657K, committed 79488K, reserved 1179648K
  class space    used 10170K, committed 10560K, reserved 1048576K
}
Event: 4324.184 GC heap before
{Heap before GC invocations=60 (full 4):
 garbage-first heap   total 90112K, used 76806K [0x0000000701400000, 0x0000000800000000)
  region size 2048K, 22 young (45056K), 1 survivors (2048K)
 Metaspace       used 78667K, committed 79488K, reserved 1179648K
  class space    used 10172K, committed 10560K, reserved 1048576K
}
Event: 4324.195 GC heap after
{Heap after GC invocations=61 (full 4):
 garbage-first heap   total 90112K, used 33251K [0x0000000701400000, 0x0000000800000000)
  region size 2048K, 1 young (2048K), 1 survivors (2048K)
 Metaspace       used 78667K, committed 79488K, reserved 1179648K
  class space    used 10172K, committed 10560K, reserved 1048576K
}
Event: 4419.068 GC heap before
{Heap before GC invocations=62 (full 4):
 garbage-first heap   total 90112K, used 53731K [0x0000000701400000, 0x0000000800000000)
  region size 2048K, 12 young (24576K), 1 survivors (2048K)
 Metaspace       used 77265K, committed 78784K, reserved 1179648K
  class space    used 10049K, committed 10560K, reserved 1048576K
}
Event: 4419.126 GC heap after
{Heap after GC invocations=63 (full 5):
 garbage-first heap   total 90112K, used 22504K [0x0000000701400000, 0x0000000800000000)
  region size 2048K, 0 young (0K), 0 survivors (0K)
 Metaspace       used 77240K, committed 78784K, reserved 1179648K
  class space    used 10044K, committed 10560K, reserved 1048576K
}
Event: 4419.911 GC heap before
{Heap before GC invocations=63 (full 5):
 garbage-first heap   total 90112K, used 73704K [0x0000000701400000, 0x0000000800000000)
  region size 2048K, 26 young (53248K), 0 survivors (0K)
 Metaspace       used 77530K, committed 78784K, reserved 1179648K
  class space    used 10101K, committed 10560K, reserved 1048576K
}
Event: 4419.918 GC heap after
{Heap after GC invocations=64 (full 5):
 garbage-first heap   total 90112K, used 27679K [0x0000000701400000, 0x0000000800000000)
  region size 2048K, 3 young (6144K), 3 survivors (6144K)
 Metaspace       used 77530K, committed 78784K, reserved 1179648K
  class space    used 10101K, committed 10560K, reserved 1048576K
}
Event: 4420.518 GC heap before
{Heap before GC invocations=65 (full 5):
 garbage-first heap   total 90112K, used 72735K [0x0000000701400000, 0x0000000800000000)
  region size 2048K, 25 young (51200K), 3 survivors (6144K)
 Metaspace       used 78084K, committed 78848K, reserved 1179648K
  class space    used 10142K, committed 10560K, reserved 1048576K
}
Event: 4420.528 GC heap after
{Heap after GC invocations=66 (full 5):
 garbage-first heap   total 90112K, used 31551K [0x0000000701400000, 0x0000000800000000)
  region size 2048K, 3 young (6144K), 3 survivors (6144K)
 Metaspace       used 78084K, committed 78848K, reserved 1179648K
  class space    used 10142K, committed 10560K, reserved 1048576K
}
Event: 4429.876 GC heap before
{Heap before GC invocations=66 (full 5):
 garbage-first heap   total 90112K, used 56127K [0x0000000701400000, 0x0000000800000000)
  region size 2048K, 16 young (32768K), 3 survivors (6144K)
 Metaspace       used 78113K, committed 78848K, reserved 1179648K
  class space    used 10149K, committed 10560K, reserved 1048576K
}
Event: 4429.946 GC heap after
{Heap after GC invocations=67 (full 6):
 garbage-first heap   total 90112K, used 25567K [0x0000000701400000, 0x0000000800000000)
  region size 2048K, 0 young (0K), 0 survivors (0K)
 Metaspace       used 77361K, committed 78784K, reserved 1179648K
  class space    used 10077K, committed 10560K, reserved 1048576K
}
Event: 4431.782 GC heap before
{Heap before GC invocations=67 (full 6):
 garbage-first heap   total 90112K, used 74719K [0x0000000701400000, 0x0000000800000000)
  region size 2048K, 24 young (49152K), 0 survivors (0K)
 Metaspace       used 77534K, committed 78784K, reserved 1179648K
  class space    used 10103K, committed 10560K, reserved 1048576K
}
Event: 4431.788 GC heap after
{Heap after GC invocations=68 (full 6):
 garbage-first heap   total 90112K, used 29612K [0x0000000701400000, 0x0000000800000000)
  region size 2048K, 2 young (4096K), 2 survivors (4096K)
 Metaspace       used 77534K, committed 78784K, reserved 1179648K
  class space    used 10103K, committed 10560K, reserved 1048576K
}
Event: 4432.411 GC heap before
{Heap before GC invocations=69 (full 6):
 garbage-first heap   total 90112K, used 76716K [0x0000000701400000, 0x0000000800000000)
  region size 2048K, 25 young (51200K), 2 survivors (4096K)
 Metaspace       used 78051K, committed 78848K, reserved 1179648K
  class space    used 10134K, committed 10560K, reserved 1048576K
}
Event: 4432.419 GC heap after
{Heap after GC invocations=70 (full 6):
 garbage-first heap   total 90112K, used 32993K [0x0000000701400000, 0x0000000800000000)
  region size 2048K, 4 young (8192K), 4 survivors (8192K)
 Metaspace       used 78051K, committed 78848K, reserved 1179648K
  class space    used 10134K, committed 10560K, reserved 1048576K
}
Event: 4442.872 GC heap before
{Heap before GC invocations=70 (full 6):
 garbage-first heap   total 90112K, used 53473K [0x0000000701400000, 0x0000000800000000)
  region size 2048K, 15 young (30720K), 4 survivors (8192K)
 Metaspace       used 78054K, committed 78848K, reserved 1179648K
  class space    used 10134K, committed 10560K, reserved 1048576K
}
Event: 4442.948 GC heap after
{Heap after GC invocations=71 (full 7):
 garbage-first heap   total 90112K, used 26153K [0x0000000701400000, 0x0000000800000000)
  region size 2048K, 0 young (0K), 0 survivors (0K)
 Metaspace       used 78034K, committed 78848K, reserved 1179648K
  class space    used 10131K, committed 10560K, reserved 1048576K
}
Event: 4444.222 GC heap before
{Heap before GC invocations=71 (full 7):
 garbage-first heap   total 90112K, used 73257K [0x0000000701400000, 0x0000000800000000)
  region size 2048K, 23 young (47104K), 0 survivors (0K)
 Metaspace       used 78212K, committed 78912K, reserved 1179648K
  class space    used 10159K, committed 10560K, reserved 1048576K
}
Event: 4444.227 GC heap after
{Heap after GC invocations=72 (full 7):
 garbage-first heap   total 90112K, used 30249K [0x0000000701400000, 0x0000000800000000)
  region size 2048K, 2 young (4096K), 2 survivors (4096K)
 Metaspace       used 78212K, committed 78912K, reserved 1179648K
  class space    used 10159K, committed 10560K, reserved 1048576K
}
Event: 4453.255 GC heap before
{Heap before GC invocations=73 (full 7):
 garbage-first heap   total 90112K, used 75305K [0x0000000701400000, 0x0000000800000000)
  region size 2048K, 24 young (49152K), 2 survivors (4096K)
 Metaspace       used 78730K, committed 79424K, reserved 1179648K
  class space    used 10191K, committed 10560K, reserved 1048576K
}

Dll operation events (12 events):
Event: 0.044 Loaded shared library C:\Babu-Data\spring-tool-suite-4-4.21.0.RELEASE-e4.30.0-win32.win32.x86_64.self-extracting\contents\sts-4.21.0.RELEASE\plugins\org.eclipse.justj.openjdk.hotspot.jre.full.win32.x86_64_21.0.2.v20240123-0840\jre\bin\java.dll
Event: 0.053 Loaded shared library C:\Babu-Data\spring-tool-suite-4-4.21.0.RELEASE-e4.30.0-win32.win32.x86_64.self-extracting\contents\sts-4.21.0.RELEASE\plugins\org.eclipse.justj.openjdk.hotspot.jre.full.win32.x86_64_21.0.2.v20240123-0840\jre\bin\zip.dll
Event: 0.445 Loaded shared library C:\Babu-Data\spring-tool-suite-4-4.21.0.RELEASE-e4.30.0-win32.win32.x86_64.self-extracting\contents\sts-4.21.0.RELEASE\plugins\org.eclipse.justj.openjdk.hotspot.jre.full.win32.x86_64_21.0.2.v20240123-0840\jre\bin\instrument.dll
Event: 0.465 Loaded shared library C:\Babu-Data\spring-tool-suite-4-4.21.0.RELEASE-e4.30.0-win32.win32.x86_64.self-extracting\contents\sts-4.21.0.RELEASE\plugins\org.eclipse.justj.openjdk.hotspot.jre.full.win32.x86_64_21.0.2.v20240123-0840\jre\bin\net.dll
Event: 0.467 Loaded shared library C:\Babu-Data\spring-tool-suite-4-4.21.0.RELEASE-e4.30.0-win32.win32.x86_64.self-extracting\contents\sts-4.21.0.RELEASE\plugins\org.eclipse.justj.openjdk.hotspot.jre.full.win32.x86_64_21.0.2.v20240123-0840\jre\bin\nio.dll
Event: 0.477 Loaded shared library C:\Babu-Data\spring-tool-suite-4-4.21.0.RELEASE-e4.30.0-win32.win32.x86_64.self-extracting\contents\sts-4.21.0.RELEASE\plugins\org.eclipse.justj.openjdk.hotspot.jre.full.win32.x86_64_21.0.2.v20240123-0840\jre\bin\zip.dll
Event: 4.506 Loaded shared library C:\Babu-Data\spring-tool-suite-4-4.21.0.RELEASE-e4.30.0-win32.win32.x86_64.self-extracting\contents\sts-4.21.0.RELEASE\plugins\org.eclipse.justj.openjdk.hotspot.jre.full.win32.x86_64_21.0.2.v20240123-0840\jre\bin\jimage.dll
Event: 4.579 Loaded shared library C:\Babu-Data\spring-tool-suite-4-4.21.0.RELEASE-e4.30.0-win32.win32.x86_64.self-extracting\contents\sts-4.21.0.RELEASE\plugins\org.eclipse.justj.openjdk.hotspot.jre.full.win32.x86_64_21.0.2.v20240123-0840\jre\bin\management.dll
Event: 4.592 Loaded shared library C:\Babu-Data\spring-tool-suite-4-4.21.0.RELEASE-e4.30.0-win32.win32.x86_64.self-extracting\contents\sts-4.21.0.RELEASE\plugins\org.eclipse.justj.openjdk.hotspot.jre.full.win32.x86_64_21.0.2.v20240123-0840\jre\bin\management_ext.dll
Event: 4.881 Loaded shared library C:\Babu-Data\spring-tool-suite-4-4.21.0.RELEASE-e4.30.0-win32.win32.x86_64.self-extracting\contents\sts-4.21.0.RELEASE\plugins\org.eclipse.justj.openjdk.hotspot.jre.full.win32.x86_64_21.0.2.v20240123-0840\jre\bin\extnet.dll
Event: 4.912 Loaded shared library C:\Babu-Data\spring-tool-suite-4-4.21.0.RELEASE-e4.30.0-win32.win32.x86_64.self-extracting\contents\sts-4.21.0.RELEASE\plugins\org.eclipse.justj.openjdk.hotspot.jre.full.win32.x86_64_21.0.2.v20240123-0840\jre\bin\verify.dll
Event: 8.687 Loaded shared library C:\Babu-Data\spring-tool-suite-4-4.21.0.RELEASE-e4.30.0-win32.win32.x86_64.self-extracting\contents\sts-4.21.0.RELEASE\plugins\org.eclipse.justj.openjdk.hotspot.jre.full.win32.x86_64_21.0.2.v20240123-0840\jre\bin\sunmscapi.dll

Deoptimization events (20 events):
Event: 4444.798 Thread 0x0000015c4a4cf980 DEOPT PACKING pc=0x0000015c394c934c sp=0x00000004188fd980
Event: 4444.798 Thread 0x0000015c4a4cf980 DEOPT UNPACKING pc=0x0000015c38b94e42 sp=0x00000004188fd010 mode 1
Event: 4444.798 Thread 0x0000015c4a4cf980 DEOPT PACKING pc=0x0000015c39311234 sp=0x00000004188fdcb0
Event: 4444.798 Thread 0x0000015c4a4cf980 DEOPT UNPACKING pc=0x0000015c38b94e42 sp=0x00000004188fd178 mode 1
Event: 4444.807 Thread 0x0000015c4a4cf980 DEOPT PACKING pc=0x0000015c392986b4 sp=0x00000004188fd470
Event: 4444.807 Thread 0x0000015c4a4cf980 DEOPT UNPACKING pc=0x0000015c38b94e42 sp=0x00000004188fc9d0 mode 1
Event: 4444.807 Thread 0x0000015c4a4cf980 DEOPT PACKING pc=0x0000015c3982e3c4 sp=0x00000004188fd590
Event: 4444.807 Thread 0x0000015c4a4cf980 DEOPT UNPACKING pc=0x0000015c38b94e42 sp=0x00000004188fca48 mode 1
Event: 4444.807 Thread 0x0000015c4a4cf980 DEOPT PACKING pc=0x0000015c392986b4 sp=0x00000004188fd450
Event: 4444.807 Thread 0x0000015c4a4cf980 DEOPT UNPACKING pc=0x0000015c38b94e42 sp=0x00000004188fc9c8 mode 1
Event: 4444.809 Thread 0x0000015c4a4cf980 DEOPT PACKING pc=0x0000015c394c934c sp=0x00000004188fd980
Event: 4444.809 Thread 0x0000015c4a4cf980 DEOPT UNPACKING pc=0x0000015c38b94e42 sp=0x00000004188fd010 mode 1
Event: 4444.809 Thread 0x0000015c4a4cf980 DEOPT PACKING pc=0x0000015c39311234 sp=0x00000004188fdcb0
Event: 4444.809 Thread 0x0000015c4a4cf980 DEOPT UNPACKING pc=0x0000015c38b94e42 sp=0x00000004188fd178 mode 1
Event: 4444.814 Thread 0x0000015c4a4cf980 DEOPT PACKING pc=0x0000015c394c934c sp=0x00000004188fd980
Event: 4444.814 Thread 0x0000015c4a4cf980 DEOPT UNPACKING pc=0x0000015c38b94e42 sp=0x00000004188fd010 mode 1
Event: 4444.814 Thread 0x0000015c4a4cf980 DEOPT PACKING pc=0x0000015c39311234 sp=0x00000004188fdcb0
Event: 4444.814 Thread 0x0000015c4a4cf980 DEOPT UNPACKING pc=0x0000015c38b94e42 sp=0x00000004188fd178 mode 1
Event: 4449.080 Thread 0x0000015c4a4cf980 DEOPT PACKING pc=0x0000015c38ef6734 sp=0x00000004188fdea0
Event: 4449.080 Thread 0x0000015c4a4cf980 DEOPT UNPACKING pc=0x0000015c38b94e42 sp=0x00000004188fd358 mode 0

Classes loaded (20 events):
Event: 4444.633 Loading class java/lang/ObjectCustomizer
Event: 4444.633 Loading class java/lang/ObjectCustomizer done
Event: 4444.634 Loading class java/lang/ObjectCustomizer
Event: 4444.634 Loading class java/lang/ObjectCustomizer done
Event: 4444.636 Loading class java/lang/ObjectCustomizer
Event: 4444.636 Loading class java/lang/ObjectCustomizer done
Event: 4444.636 Loading class java/lang/ObjectCustomizer
Event: 4444.636 Loading class java/lang/ObjectCustomizer done
Event: 4444.639 Loading class java/lang/ObjectCustomizer
Event: 4444.639 Loading class java/lang/ObjectCustomizer done
Event: 4444.639 Loading class java/lang/ObjectCustomizer
Event: 4444.639 Loading class java/lang/ObjectCustomizer done
Event: 4444.642 Loading class java/lang/ObjectCustomizer
Event: 4444.642 Loading class java/lang/ObjectCustomizer done
Event: 4444.642 Loading class java/lang/ObjectCustomizer
Event: 4444.642 Loading class java/lang/ObjectCustomizer done
Event: 4444.771 Loading class java/lang/ObjectCustomizer
Event: 4444.771 Loading class java/lang/ObjectCustomizer done
Event: 4444.771 Loading class java/lang/ObjectCustomizer
Event: 4444.771 Loading class java/lang/ObjectCustomizer done

Classes unloaded (20 events):
Event: 4429.898 Thread 0x0000015c42f04930 Unloading class 0x0000000800460000 'java/lang/invoke/LambdaForm$MH+0x0000000800460000'
Event: 4429.898 Thread 0x0000015c42f04930 Unloading class 0x00000008000c3800 'java/lang/invoke/LambdaForm$MH+0x00000008000c3800'
Event: 4429.898 Thread 0x0000015c42f04930 Unloading class 0x0000000800145400 'java/lang/invoke/LambdaForm$MH+0x0000000800145400'
Event: 4429.898 Thread 0x0000015c42f04930 Unloading class 0x0000000800147800 'java/lang/invoke/LambdaForm$MH+0x0000000800147800'
Event: 4429.898 Thread 0x0000015c42f04930 Unloading class 0x000000080014a400 'java/lang/invoke/LambdaForm$MH+0x000000080014a400'
Event: 4429.898 Thread 0x0000015c42f04930 Unloading class 0x00000008009e7c00 'java/lang/invoke/LambdaForm$MH+0x00000008009e7c00'
Event: 4429.898 Thread 0x0000015c42f04930 Unloading class 0x00000008004bdc00 'java/lang/invoke/LambdaForm$MH+0x00000008004bdc00'
Event: 4429.898 Thread 0x0000015c42f04930 Unloading class 0x0000000800520000 'java/lang/invoke/LambdaForm$MH+0x0000000800520000'
Event: 4429.898 Thread 0x0000015c42f04930 Unloading class 0x00000008009fc000 'java/lang/invoke/LambdaForm$MH+0x00000008009fc000'
Event: 4429.898 Thread 0x0000015c42f04930 Unloading class 0x00000008009f4c00 'java/lang/invoke/LambdaForm$MH+0x00000008009f4c00'
Event: 4429.898 Thread 0x0000015c42f04930 Unloading class 0x0000000800330400 'java/lang/invoke/LambdaForm$MH+0x0000000800330400'
Event: 4429.898 Thread 0x0000015c42f04930 Unloading class 0x00000008009e7400 'java/lang/invoke/LambdaForm$MH+0x00000008009e7400'
Event: 4429.898 Thread 0x0000015c42f04930 Unloading class 0x00000008008c8800 'java/lang/invoke/LambdaForm$MH+0x00000008008c8800'
Event: 4429.898 Thread 0x0000015c42f04930 Unloading class 0x00000008009fe000 'java/lang/invoke/LambdaForm$MH+0x00000008009fe000'
Event: 4442.903 Thread 0x0000015c42f04930 Unloading class 0x00000008001aec00 'jdk/internal/reflect/GeneratedSerializationConstructorAccessor142'
Event: 4442.903 Thread 0x0000015c42f04930 Unloading class 0x00000008009fb800 'jdk/internal/reflect/GeneratedSerializationConstructorAccessor141'
Event: 4442.903 Thread 0x0000015c42f04930 Unloading class 0x00000008009f7800 'jdk/internal/reflect/GeneratedSerializationConstructorAccessor140'
Event: 4442.903 Thread 0x0000015c42f04930 Unloading class 0x00000008009f5000 'jdk/internal/reflect/GeneratedSerializationConstructorAccessor139'
Event: 4442.903 Thread 0x0000015c42f04930 Unloading class 0x00000008004a8400 'jdk/internal/reflect/GeneratedSerializationConstructorAccessor138'
Event: 4442.903 Thread 0x0000015c42f04930 Unloading class 0x0000000800a23800 'org/apache/catalina/loader/JdbcLeakPrevention'

Classes redefined (0 events):
No events

Internal exceptions (20 events):
Event: 4444.616 Thread 0x0000015c4a4cf980 Exception <a 'java/lang/ClassNotFoundException'{0x000000070573b8c8}: com/obs/domain/UserCustomizer> (0x000000070573b8c8) 
thrown [s\src\hotspot\share\classfile\systemDictionary.cpp, line 312]
Event: 4444.617 Thread 0x0000015c4a4cf980 Exception <a 'java/lang/ClassNotFoundException'{0x0000000705762200}: org/springframework/security/core/userdetails/UserDetailsCustomizer> (0x0000000705762200) 
thrown [s\src\hotspot\share\classfile\systemDictionary.cpp, line 312]
Event: 4444.620 Thread 0x0000015c4a4cf980 Exception <a 'java/lang/ClassNotFoundException'{0x00000007057bf490}: java/lang/ObjectCustomizer> (0x00000007057bf490) 
thrown [s\src\hotspot\share\classfile\systemDictionary.cpp, line 312]
Event: 4444.621 Thread 0x0000015c4a4cf980 Exception <a 'java/lang/ClassNotFoundException'{0x00000007057c83d8}: com/obs/domain/PrimaryAccountCustomizer> (0x00000007057c83d8) 
thrown [s\src\hotspot\share\classfile\systemDictionary.cpp, line 312]
Event: 4444.623 Thread 0x0000015c4a4cf980 Exception <a 'java/lang/ClassNotFoundException'{0x00000007057f9f18}: java/lang/ObjectCustomizer> (0x00000007057f9f18) 
thrown [s\src\hotspot\share\classfile\systemDictionary.cpp, line 312]
Event: 4444.625 Thread 0x0000015c4a4cf980 Exception <a 'java/lang/ClassNotFoundException'{0x0000000705402fb8}: com/obs/domain/PrimaryTransactionCustomizer> (0x0000000705402fb8) 
thrown [s\src\hotspot\share\classfile\systemDictionary.cpp, line 312]
Event: 4444.628 Thread 0x0000015c4a4cf980 Exception <a 'java/lang/ClassNotFoundException'{0x000000070546c150}: java/lang/ObjectCustomizer> (0x000000070546c150) 
thrown [s\src\hotspot\share\classfile\systemDictionary.cpp, line 312]
Event: 4444.629 Thread 0x0000015c4a4cf980 Exception <a 'java/lang/ClassNotFoundException'{0x0000000705475098}: com/obs/domain/SavingsAccountCustomizer> (0x0000000705475098) 
thrown [s\src\hotspot\share\classfile\systemDictionary.cpp, line 312]
Event: 4444.630 Thread 0x0000015c4a4cf980 Exception <a 'java/lang/ClassNotFoundException'{0x00000007054a5978}: java/lang/ObjectCustomizer> (0x00000007054a5978) 
thrown [s\src\hotspot\share\classfile\systemDictionary.cpp, line 312]
Event: 4444.631 Thread 0x0000015c4a4cf980 Exception <a 'java/lang/ClassNotFoundException'{0x00000007054ae9b0}: com/obs/domain/SavingsTransactionCustomizer> (0x00000007054ae9b0) 
thrown [s\src\hotspot\share\classfile\systemDictionary.cpp, line 312]
Event: 4444.634 Thread 0x0000015c4a4cf980 Exception <a 'java/lang/ClassNotFoundException'{0x0000000705513948}: java/lang/ObjectCustomizer> (0x0000000705513948) 
thrown [s\src\hotspot\share\classfile\systemDictionary.cpp, line 312]
Event: 4444.634 Thread 0x0000015c4a4cf980 Exception <a 'java/lang/ClassNotFoundException'{0x000000070551c780}: com/obs/domain/AppointmentCustomizer> (0x000000070551c780) 
thrown [s\src\hotspot\share\classfile\systemDictionary.cpp, line 312]
Event: 4444.636 Thread 0x0000015c4a4cf980 Exception <a 'java/lang/ClassNotFoundException'{0x0000000705567fe0}: java/lang/ObjectCustomizer> (0x0000000705567fe0) 
thrown [s\src\hotspot\share\classfile\systemDictionary.cpp, line 312]
Event: 4444.637 Thread 0x0000015c4a4cf980 Exception <a 'java/lang/ClassNotFoundException'{0x0000000705570de8}: com/obs/domain/RecipientCustomizer> (0x0000000705570de8) 
thrown [s\src\hotspot\share\classfile\systemDictionary.cpp, line 312]
Event: 4444.639 Thread 0x0000015c4a4cf980 Exception <a 'java/lang/ClassNotFoundException'{0x00000007055c3550}: java/lang/ObjectCustomizer> (0x00000007055c3550) 
thrown [s\src\hotspot\share\classfile\systemDictionary.cpp, line 312]
Event: 4444.640 Thread 0x0000015c4a4cf980 Exception <a 'java/lang/ClassNotFoundException'{0x00000007055cc528}: com/obs/domain/security/UserRoleCustomizer> (0x00000007055cc528) 
thrown [s\src\hotspot\share\classfile\systemDictionary.cpp, line 312]
Event: 4444.642 Thread 0x0000015c4a4cf980 Exception <a 'java/lang/ClassNotFoundException'{0x00000007055f2a90}: java/lang/ObjectCustomizer> (0x00000007055f2a90) 
thrown [s\src\hotspot\share\classfile\systemDictionary.cpp, line 312]
Event: 4444.643 Thread 0x0000015c4a4cf980 Exception <a 'java/lang/ClassNotFoundException'{0x00000007055fb918}: com/obs/domain/security/RoleCustomizer> (0x00000007055fb918) 
thrown [s\src\hotspot\share\classfile\systemDictionary.cpp, line 312]
Event: 4444.771 Thread 0x0000015c4a4cf980 Exception <a 'java/lang/ClassNotFoundException'{0x00000007044c2cc0}: java/lang/ObjectCustomizer> (0x00000007044c2cc0) 
thrown [s\src\hotspot\share\classfile\systemDictionary.cpp, line 312]
Event: 4444.772 Thread 0x0000015c4a4cf980 Exception <a 'java/lang/ClassNotFoundException'{0x00000007044cbaf8}: com/obs/domain/CreditCardCustomizer> (0x00000007044cbaf8) 
thrown [s\src\hotspot\share\classfile\systemDictionary.cpp, line 312]

ZGC Phase Switch (0 events):
No events

VM Operations (20 events):
Event: 4446.325 Executing VM operation: Cleanup done
Event: 4448.807 Executing VM operation: get/set locals
Event: 4448.807 Executing VM operation: get/set locals done
Event: 4449.041 Executing VM operation: GetObjectMonitorUsage
Event: 4449.041 Executing VM operation: GetObjectMonitorUsage done
Event: 4449.043 Executing VM operation: GetObjectMonitorUsage
Event: 4449.043 Executing VM operation: GetObjectMonitorUsage done
Event: 4449.043 Executing VM operation: GetObjectMonitorUsage
Event: 4449.044 Executing VM operation: GetObjectMonitorUsage done
Event: 4449.044 Executing VM operation: GetObjectMonitorUsage
Event: 4449.044 Executing VM operation: GetObjectMonitorUsage done
Event: 4449.080 Executing VM operation: ChangeSingleStep
Event: 4449.080 Executing VM operation: ChangeSingleStep done
Event: 4449.080 Executing VM operation: ChangeSingleStep
Event: 4449.080 Executing VM operation: ChangeSingleStep done
Event: 4450.396 Executing VM operation: HandshakeAllThreads (HandshakeForDeflation)
Event: 4450.396 Executing VM operation: HandshakeAllThreads (HandshakeForDeflation) done
Event: 4450.396 Executing VM operation: RendezvousGCThreads
Event: 4450.396 Executing VM operation: RendezvousGCThreads done
Event: 4453.255 Executing VM operation: G1CollectForAllocation (G1 Evacuation Pause)

Events (20 events):
Event: 4442.914 Thread 0x0000015c42f04930 flushing nmethod 0x0000015c38d05610
Event: 4442.914 Thread 0x0000015c42f04930 flushing nmethod 0x0000015c38ccb010
Event: 4442.914 Thread 0x0000015c42f04930 flushing nmethod 0x0000015c38cc9510
Event: 4442.914 Thread 0x0000015c42f04930 flushing nmethod 0x0000015c38cdea90
Event: 4442.914 Thread 0x0000015c42f04930 flushing nmethod 0x0000015c38c86010
Event: 4442.914 Thread 0x0000015c42f04930 flushing nmethod 0x0000015c38c8d110
Event: 4442.914 Thread 0x0000015c42f04930 flushing nmethod 0x0000015c38c8c810
Event: 4442.949 Thread 0x0000015c4a4d2e00 Thread added: 0x0000015c4a4d2e00
Event: 4442.950 Thread 0x0000015c4a4d2e00 Thread exited: 0x0000015c4a4d2e00
Event: 4442.950 Thread 0x0000015c4a4cf980 Thread added: 0x0000015c4a4cf980
Event: 4443.229 Thread 0x0000015c4acaab90 Thread added: 0x0000015c4acaab90
Event: 4443.358 Thread 0x0000015c4a4d06a0 Thread added: 0x0000015c4a4d06a0
Event: 4443.482 Thread 0x0000015c4a4d06a0 Thread exited: 0x0000015c4a4d06a0
Event: 4444.155 Thread 0x0000015c4a4d06a0 Thread added: 0x0000015c4a4d06a0
Event: 4444.155 Thread 0x0000015c4a4cf2f0 Thread added: 0x0000015c4a4cf2f0
Event: 4444.156 Thread 0x0000015c4a4d1a50 Thread added: 0x0000015c4a4d1a50
Event: 4444.216 Thread 0x0000015c4a4d2e00 Thread added: 0x0000015c4a4d2e00
Event: 4444.317 Thread 0x0000015c4a4d3b20 Thread added: 0x0000015c4a4d3b20
Event: 4449.349 Thread 0x0000015c4a4d3b20 Thread exited: 0x0000015c4a4d3b20
Event: 4450.929 Thread 0x0000015c4acaab90 Thread exited: 0x0000015c4acaab90


Dynamic libraries:
0x00007ff638bd0000 - 0x00007ff638bde000 	C:\Babu-Data\spring-tool-suite-4-4.21.0.RELEASE-e4.30.0-win32.win32.x86_64.self-extracting\contents\sts-4.21.0.RELEASE\plugins\org.eclipse.justj.openjdk.hotspot.jre.full.win32.x86_64_21.0.2.v20240123-0840\jre\bin\javaw.exe
0x00007ffb5f350000 - 0x00007ffb5f548000 	C:\Windows\SYSTEM32\ntdll.dll
0x00007ffb5e3d0000 - 0x00007ffb5e48d000 	C:\Windows\System32\KERNEL32.DLL
0x00007ffb5d080000 - 0x00007ffb5d376000 	C:\Windows\System32\KERNELBASE.dll
0x00007ffb5cca0000 - 0x00007ffb5cda0000 	C:\Windows\System32\ucrtbase.dll
0x00007ffb4be80000 - 0x00007ffb4be9b000 	C:\Babu-Data\spring-tool-suite-4-4.21.0.RELEASE-e4.30.0-win32.win32.x86_64.self-extracting\contents\sts-4.21.0.RELEASE\plugins\org.eclipse.justj.openjdk.hotspot.jre.full.win32.x86_64_21.0.2.v20240123-0840\jre\bin\VCRUNTIME140.dll
0x00007ffb58000000 - 0x00007ffb58018000 	C:\Babu-Data\spring-tool-suite-4-4.21.0.RELEASE-e4.30.0-win32.win32.x86_64.self-extracting\contents\sts-4.21.0.RELEASE\plugins\org.eclipse.justj.openjdk.hotspot.jre.full.win32.x86_64_21.0.2.v20240123-0840\jre\bin\jli.dll
0x00007ffb5e140000 - 0x00007ffb5e2de000 	C:\Windows\System32\USER32.dll
0x00007ffb43680000 - 0x00007ffb4391a000 	C:\Windows\WinSxS\amd64_microsoft.windows.common-controls_6595b64144ccf1df_6.0.19041.3636_none_60b6a03d71f818d5\COMCTL32.dll
0x00007ffb5eea0000 - 0x00007ffb5ef3e000 	C:\Windows\System32\msvcrt.dll
0x00007ffb5ca00000 - 0x00007ffb5ca22000 	C:\Windows\System32\win32u.dll
0x00007ffb5e390000 - 0x00007ffb5e3bb000 	C:\Windows\System32\GDI32.dll
0x00007ffb5ca30000 - 0x00007ffb5cb47000 	C:\Windows\System32\gdi32full.dll
0x00007ffb5cc00000 - 0x00007ffb5cc9d000 	C:\Windows\System32\msvcp_win.dll
0x00007ffb5dcb0000 - 0x00007ffb5dce2000 	C:\Windows\System32\IMM32.DLL
0x00007ffb56e00000 - 0x00007ffb56e0c000 	C:\Babu-Data\spring-tool-suite-4-4.21.0.RELEASE-e4.30.0-win32.win32.x86_64.self-extracting\contents\sts-4.21.0.RELEASE\plugins\org.eclipse.justj.openjdk.hotspot.jre.full.win32.x86_64_21.0.2.v20240123-0840\jre\bin\vcruntime140_1.dll
0x00007ffb40c80000 - 0x00007ffb40d0e000 	C:\Babu-Data\spring-tool-suite-4-4.21.0.RELEASE-e4.30.0-win32.win32.x86_64.self-extracting\contents\sts-4.21.0.RELEASE\plugins\org.eclipse.justj.openjdk.hotspot.jre.full.win32.x86_64_21.0.2.v20240123-0840\jre\bin\msvcp140.dll
0x00007ffb17aa0000 - 0x00007ffb18823000 	C:\Babu-Data\spring-tool-suite-4-4.21.0.RELEASE-e4.30.0-win32.win32.x86_64.self-extracting\contents\sts-4.21.0.RELEASE\plugins\org.eclipse.justj.openjdk.hotspot.jre.full.win32.x86_64_21.0.2.v20240123-0840\jre\bin\server\jvm.dll
0x00007ffb5e090000 - 0x00007ffb5e140000 	C:\Windows\System32\ADVAPI32.dll
0x00007ffb5e2f0000 - 0x00007ffb5e390000 	C:\Windows\System32\sechost.dll
0x00007ffb5dcf0000 - 0x00007ffb5de15000 	C:\Windows\System32\RPCRT4.dll
0x00007ffb5d050000 - 0x00007ffb5d077000 	C:\Windows\System32\bcrypt.dll
0x00007ffb5ee30000 - 0x00007ffb5ee9b000 	C:\Windows\System32\WS2_32.dll
0x00007ffb5bf50000 - 0x00007ffb5bf9b000 	C:\Windows\SYSTEM32\POWRPROF.dll
0x00007ffb4d120000 - 0x00007ffb4d147000 	C:\Windows\SYSTEM32\WINMM.dll
0x00007ffb56a70000 - 0x00007ffb56a7a000 	C:\Windows\SYSTEM32\VERSION.dll
0x00007ffb5be10000 - 0x00007ffb5be22000 	C:\Windows\SYSTEM32\UMPDC.dll
0x00007ffb5a8b0000 - 0x00007ffb5a8c2000 	C:\Windows\SYSTEM32\kernel.appcore.dll
0x00007ffb5a1e0000 - 0x00007ffb5a1ea000 	C:\Babu-Data\spring-tool-suite-4-4.21.0.RELEASE-e4.30.0-win32.win32.x86_64.self-extracting\contents\sts-4.21.0.RELEASE\plugins\org.eclipse.justj.openjdk.hotspot.jre.full.win32.x86_64_21.0.2.v20240123-0840\jre\bin\jimage.dll
0x00007ffb514e0000 - 0x00007ffb516c4000 	C:\Windows\SYSTEM32\DBGHELP.DLL
0x00007ffb51d90000 - 0x00007ffb51dc4000 	C:\Windows\SYSTEM32\dbgcore.DLL
0x00007ffb5cda0000 - 0x00007ffb5ce22000 	C:\Windows\System32\bcryptPrimitives.dll
0x00007ffb57450000 - 0x00007ffb5748c000 	C:\Babu-Data\spring-tool-suite-4-4.21.0.RELEASE-e4.30.0-win32.win32.x86_64.self-extracting\contents\sts-4.21.0.RELEASE\plugins\org.eclipse.justj.openjdk.hotspot.jre.full.win32.x86_64_21.0.2.v20240123-0840\jre\bin\jdwp.dll
0x00007ffb59eb0000 - 0x00007ffb59ebf000 	C:\Babu-Data\spring-tool-suite-4-4.21.0.RELEASE-e4.30.0-win32.win32.x86_64.self-extracting\contents\sts-4.21.0.RELEASE\plugins\org.eclipse.justj.openjdk.hotspot.jre.full.win32.x86_64_21.0.2.v20240123-0840\jre\bin\instrument.dll
0x00007ffb59e90000 - 0x00007ffb59eaf000 	C:\Babu-Data\spring-tool-suite-4-4.21.0.RELEASE-e4.30.0-win32.win32.x86_64.self-extracting\contents\sts-4.21.0.RELEASE\plugins\org.eclipse.justj.openjdk.hotspot.jre.full.win32.x86_64_21.0.2.v20240123-0840\jre\bin\java.dll
0x00007ffb57520000 - 0x00007ffb57538000 	C:\Babu-Data\spring-tool-suite-4-4.21.0.RELEASE-e4.30.0-win32.win32.x86_64.self-extracting\contents\sts-4.21.0.RELEASE\plugins\org.eclipse.justj.openjdk.hotspot.jre.full.win32.x86_64_21.0.2.v20240123-0840\jre\bin\zip.dll
0x00007ffb5e570000 - 0x00007ffb5ecdb000 	C:\Windows\System32\SHELL32.dll
0x00007ffb5aab0000 - 0x00007ffb5b24e000 	C:\Windows\SYSTEM32\windows.storage.dll
0x00007ffb5d7f0000 - 0x00007ffb5db43000 	C:\Windows\System32\combase.dll
0x00007ffb5c430000 - 0x00007ffb5c45e000 	C:\Windows\SYSTEM32\Wldp.dll
0x00007ffb5df40000 - 0x00007ffb5e00d000 	C:\Windows\System32\OLEAUT32.dll
0x00007ffb5dc00000 - 0x00007ffb5dcad000 	C:\Windows\System32\SHCORE.dll
0x00007ffb5e030000 - 0x00007ffb5e085000 	C:\Windows\System32\shlwapi.dll
0x00007ffb5c930000 - 0x00007ffb5c955000 	C:\Windows\SYSTEM32\profapi.dll
0x00007ffb5a1b0000 - 0x00007ffb5a1bc000 	C:\Babu-Data\spring-tool-suite-4-4.21.0.RELEASE-e4.30.0-win32.win32.x86_64.self-extracting\contents\sts-4.21.0.RELEASE\plugins\org.eclipse.justj.openjdk.hotspot.jre.full.win32.x86_64_21.0.2.v20240123-0840\jre\bin\dt_socket.dll
0x00007ffb5be30000 - 0x00007ffb5be6b000 	C:\Windows\SYSTEM32\IPHLPAPI.DLL
0x00007ffb5c190000 - 0x00007ffb5c1fa000 	C:\Windows\system32\mswsock.dll
0x00007ffb5be80000 - 0x00007ffb5bf4b000 	C:\Windows\SYSTEM32\DNSAPI.dll
0x00007ffb5ed40000 - 0x00007ffb5ed48000 	C:\Windows\System32\NSI.dll
0x00007ffb4c180000 - 0x00007ffb4c18a000 	C:\Windows\System32\rasadhlp.dll
0x00007ffb4c1a0000 - 0x00007ffb4c220000 	C:\Windows\System32\fwpuclnt.dll
0x00007ffb57ff0000 - 0x00007ffb58000000 	C:\Babu-Data\spring-tool-suite-4-4.21.0.RELEASE-e4.30.0-win32.win32.x86_64.self-extracting\contents\sts-4.21.0.RELEASE\plugins\org.eclipse.justj.openjdk.hotspot.jre.full.win32.x86_64_21.0.2.v20240123-0840\jre\bin\net.dll
0x00007ffb54b60000 - 0x00007ffb54c6a000 	C:\Windows\SYSTEM32\WINHTTP.dll
0x00007ffb57500000 - 0x00007ffb57516000 	C:\Babu-Data\spring-tool-suite-4-4.21.0.RELEASE-e4.30.0-win32.win32.x86_64.self-extracting\contents\sts-4.21.0.RELEASE\plugins\org.eclipse.justj.openjdk.hotspot.jre.full.win32.x86_64_21.0.2.v20240123-0840\jre\bin\nio.dll
0x00007ffb51df0000 - 0x00007ffb51dfa000 	C:\Babu-Data\spring-tool-suite-4-4.21.0.RELEASE-e4.30.0-win32.win32.x86_64.self-extracting\contents\sts-4.21.0.RELEASE\plugins\org.eclipse.justj.openjdk.hotspot.jre.full.win32.x86_64_21.0.2.v20240123-0840\jre\bin\management.dll
0x00007ffb4d9e0000 - 0x00007ffb4d9eb000 	C:\Babu-Data\spring-tool-suite-4-4.21.0.RELEASE-e4.30.0-win32.win32.x86_64.self-extracting\contents\sts-4.21.0.RELEASE\plugins\org.eclipse.justj.openjdk.hotspot.jre.full.win32.x86_64_21.0.2.v20240123-0840\jre\bin\management_ext.dll
0x00007ffb5e2e0000 - 0x00007ffb5e2e8000 	C:\Windows\System32\PSAPI.DLL
0x00007ffb44bb0000 - 0x00007ffb44bc7000 	C:\Windows\system32\napinsp.dll
0x00007ffb44b90000 - 0x00007ffb44bab000 	C:\Windows\system32\pnrpnsp.dll
0x00007ffb576c0000 - 0x00007ffb576d5000 	C:\Windows\system32\wshbth.dll
0x00007ffb56cb0000 - 0x00007ffb56ccd000 	C:\Windows\system32\NLAapi.dll
0x00007ffb44aa0000 - 0x00007ffb44ab2000 	C:\Windows\System32\winrnr.dll
0x00007ffb5c380000 - 0x00007ffb5c398000 	C:\Windows\SYSTEM32\CRYPTSP.dll
0x00007ffb5ba50000 - 0x00007ffb5ba84000 	C:\Windows\system32\rsaenh.dll
0x00007ffb5c8f0000 - 0x00007ffb5c91e000 	C:\Windows\SYSTEM32\USERENV.dll
0x00007ffb5c3a0000 - 0x00007ffb5c3ac000 	C:\Windows\SYSTEM32\CRYPTBASE.dll
0x00007ffb53110000 - 0x00007ffb53119000 	C:\Babu-Data\spring-tool-suite-4-4.21.0.RELEASE-e4.30.0-win32.win32.x86_64.self-extracting\contents\sts-4.21.0.RELEASE\plugins\org.eclipse.justj.openjdk.hotspot.jre.full.win32.x86_64_21.0.2.v20240123-0840\jre\bin\extnet.dll
0x00007ffb574f0000 - 0x00007ffb57500000 	C:\Babu-Data\spring-tool-suite-4-4.21.0.RELEASE-e4.30.0-win32.win32.x86_64.self-extracting\contents\sts-4.21.0.RELEASE\plugins\org.eclipse.justj.openjdk.hotspot.jre.full.win32.x86_64_21.0.2.v20240123-0840\jre\bin\verify.dll
0x00007ffb5a1f0000 - 0x00007ffb5a1fe000 	C:\Babu-Data\spring-tool-suite-4-4.21.0.RELEASE-e4.30.0-win32.win32.x86_64.self-extracting\contents\sts-4.21.0.RELEASE\plugins\org.eclipse.justj.openjdk.hotspot.jre.full.win32.x86_64_21.0.2.v20240123-0840\jre\bin\sunmscapi.dll
0x00007ffb5ce80000 - 0x00007ffb5cfdd000 	C:\Windows\System32\CRYPT32.dll
0x00007ffb5c4a0000 - 0x00007ffb5c4c8000 	C:\Windows\SYSTEM32\ncrypt.dll
0x00007ffb5c460000 - 0x00007ffb5c49b000 	C:\Windows\SYSTEM32\NTASN1.dll
0x00007ffb57560000 - 0x00007ffb57567000 	C:\Windows\system32\wshunix.dll

dbghelp: loaded successfully - version: 4.0.5 - missing functions: none
symbol engine: initialized successfully - sym options: 0x614 - pdb path: .;C:\Babu-Data\spring-tool-suite-4-4.21.0.RELEASE-e4.30.0-win32.win32.x86_64.self-extracting\contents\sts-4.21.0.RELEASE\plugins\org.eclipse.justj.openjdk.hotspot.jre.full.win32.x86_64_21.0.2.v20240123-0840\jre\bin;C:\Windows\SYSTEM32;C:\Windows\WinSxS\amd64_microsoft.windows.common-controls_6595b64144ccf1df_6.0.19041.3636_none_60b6a03d71f818d5;C:\Babu-Data\spring-tool-suite-4-4.21.0.RELEASE-e4.30.0-win32.win32.x86_64.self-extracting\contents\sts-4.21.0.RELEASE\plugins\org.eclipse.justj.openjdk.hotspot.jre.full.win32.x86_64_21.0.2.v20240123-0840\jre\bin\server

VM Arguments:
jvm_args: -XX:+ShowCodeDetailsInExceptionMessages -agentlib:jdwp=transport=dt_socket,suspend=y,address=localhost:63323 -Dcom.sun.management.jmxremote -Dcom.sun.management.jmxremote.port=63322 -Dcom.sun.management.jmxremote.authenticate=false -Dcom.sun.management.jmxremote.ssl=false -Djava.rmi.server.hostname=localhost -Dspring.jmx.enabled=true -Dmanagement.endpoints.jmx.exposure.include=* -Dspring.application.admin.enabled=true -XX:TieredStopAtLevel=1 -Dspring.boot.project.name=Online-Banking -javaagent:C:\Babu-Data\spring-tool-suite-4-4.21.0.RELEASE-e4.30.0-win32.win32.x86_64.self-extracting\contents\sts-4.21.0.RELEASE\configuration\org.eclipse.osgi\1377\0\.cp\lib\javaagent-shaded.jar -Dfile.encoding=UTF-8 -Dstdout.encoding=UTF-8 -Dstderr.encoding=UTF-8 
java_command: com.obs.OBSApplication --spring.output.ansi.enabled=always
java_class_path (initial): C:\Babu-Data\Github\github_ws\Online-Banking\target\classes;C:\Users\Admin\.m2\repository\org\springframework\boot\spring-boot-starter-web\2.7.14\spring-boot-starter-web-2.7.14.jar;C:\Users\Admin\.m2\repository\org\springframework\boot\spring-boot-starter\2.7.14\spring-boot-starter-2.7.14.jar;C:\Users\Admin\.m2\repository\org\springframework\boot\spring-boot-starter-logging\2.7.14\spring-boot-starter-logging-2.7.14.jar;C:\Users\Admin\.m2\repository\ch\qos\logback\logback-classic\1.2.12\logback-classic-1.2.12.jar;C:\Users\Admin\.m2\repository\ch\qos\logback\logback-core\1.2.12\logback-core-1.2.12.jar;C:\Users\Admin\.m2\repository\org\apache\logging\log4j\log4j-to-slf4j\2.17.2\log4j-to-slf4j-2.17.2.jar;C:\Users\Admin\.m2\repository\org\apache\logging\log4j\log4j-api\2.17.2\log4j-api-2.17.2.jar;C:\Users\Admin\.m2\repository\org\slf4j\jul-to-slf4j\1.7.36\jul-to-slf4j-1.7.36.jar;C:\Users\Admin\.m2\repository\jakarta\annotation\jakarta.annotation-api\1.3.5\jakarta.annotation-api-1.3.5.jar;C:\Users\Admin\.m2\repository\org\yaml\snakeyaml\1.30\snakeyaml-1.30.jar;C:\Users\Admin\.m2\repository\org\springframework\boot\spring-boot-starter-json\2.7.14\spring-boot-starter-json-2.7.14.jar;C:\Users\Admin\.m2\repository\com\fasterxml\jackson\core\jackson-databind\2.13.5\jackson-databind-2.13.5.jar;C:\Users\Admin\.m2\repository\com\fasterxml\jackson\core\jackson-annotations\2.13.5\jackson-annotations-2.13.5.jar;C:\Users\Admin\.m2\repository\com\fasterxml\jackson\core\jackson-core\2.13.5\jackson-core-2.13.5.jar;C:\Users\Admin\.m2\repository\com\fasterxml\jackson\datatype\jackson-datatype-jdk8\2.13.5\jackson-datatype-jdk8-2.13.5.jar;C:\Users\Admin\.m2\repository\com\fasterxml\jackson\datatype\jackson-datatype-jsr310\2.13.5\jackson-datatype-jsr310-2.13.5.jar;C:\Users\Admin\.m2\repository\com\fasterxml\jackson\module\jackson-module-parameter-names\2.13.5\jackson-module-parameter-names-2.13.5.jar;C:\Users\Admin\.m2\repository\org\springframework\boot\spring-boot-starter-tomcat\2.7.14\spring-boot-starter-tomcat-2.7.14.jar;C:\Users\Admin\.m2\repository\org\apache\tomcat\embed\tomcat-embed-core\9.0.78\tomcat-embed-core-9.0.78.jar;C:\Users\Admin\.m2\repository\org\apache\tomcat\embed\tomcat-embed-el\9.0.78\tomcat-embed-el-9.0.78.jar;C:\Users\Admin\.m2\repository\org\apache\tomcat\embed\tomcat-embed-websocket\9.0.78\tomcat-embed-websocket-9.0.78.jar;C:\Users\Admin\.m2\repository\org\springframework\spring-web\5.3.29\spring-web-5.3.29.jar;C:\Users\Admin\.m2\repository\org\springframework\spring-beans\5.3.29\spring-beans-5.3.29.jar;C:\Users\Admin\.m2\repository\org\springframework\spring-webmvc\5.3.29\spring-webmvc-5.3.29.jar;C:\Users\Admin\.m2\repository\org\springframework\spring-context\5.3.29\spring-context-5.3.29.jar;C:\Users\Admin\.m2\repository\org\springframework\spring-expression\5.3.29\spring-expression-5.3.29.jar;C:\Users\Admin\.m2\repository\org\springframework\boot\spring-boot-devtools\2.7.14\spring-boot-devtools-2.7.14.jar;C:\Users\Admin\.m2\repository\org\springframework\boot\spring-boot\2.7.14\spring-boot-2.7.14.jar;C:\Users\Admin\.m2\repository\org\springframework\boot\spring-boot-autoconfigure\2.7.14\spring-boot-autoconfigure-2.7.14.jar;C:\Users\Admin\.m2\repository\org\springframework\boot\spring-boot-starter-thymeleaf\2.7.14\spring-boot-starter-thymeleaf-2.7.14.jar;C:\Users\Admin\.m2\repository\org\thymeleaf\thymeleaf-spring5\3.0.15.RELEASE\thymeleaf-spring5-3.0.15.RELEASE.jar;C:\Users\Admin\.m2\repository\org\thymeleaf\thymeleaf\3.0.15.RELEASE\thymeleaf-3.0.15.RELEASE.jar;C:\Users\Admin\.m2\repository\org\attoparser\attoparser\2.0.5.RELEASE\attoparser-2.0.5.RELEASE.jar;C:\Users\Admin\.m2\repository\org\unbescape\unbescape\1.1.6.RELEASE\unbescape-1.1.6.RELEASE.jar;C:\Users\Admin\.m2\repository\org\slf4j\slf4j-api\1.7.36\slf4j-api-1.7.36.jar;C:\Users\Admin\.m2\repository\org\thymeleaf\extras\thymeleaf-extras-java8time\3.0.4.RELEASE\thymeleaf-extras-java8time-3.0.4.RELEASE.jar;C:\Users\Admin\.m2\repository\org\springframework\boot\spring-boot-starter-jdbc\2.7.14\spring-boot-starter-jdbc-2.7.14.jar;C:\Users\Admin\.m2\repository\com\zaxxer\HikariCP\4.0.3\HikariCP-4.0.3.jar;C:\Users\Admin\.m2\repository\org\springframework\spring-jdbc\5.3.29\spring-jdbc-5.3.29.jar;C:\Users\Admin\.m2\repository\org\springframework\spring-tx\5.3.29\spring-tx-5.3.29.jar;C:\Users\Admin\.m2\repository\org\springframework\boot\spring-boot-starter-data-jpa\2.7.14\spring-boot-starter-data-jpa-2.7.14.jar;C:\Users\Admin\.m2\repository\org\springframework\boot\spring-boot-starter-aop\2.7.14\spring-boot-starter-aop-2.7.14.jar;C:\Users\Admin\.m2\repository\org\aspectj\aspectjweaver\1.9.7\aspectjweaver-1.9.7.jar;C:\Users\Admin\.m2\repository\jakarta\transaction\jakarta.transaction-api\1.3.3\jakarta.transaction-api-1.3.3.jar;C:\Users\Admin\.m2\repository\jakarta\persistence\jakarta.persistence-api\2.2.3\jakarta.persistence-api-2.2.3.jar;C:\Users\Admin\.m2\repository\org\hibernate\hibernate-core\5.6.15.Final\hibernate-core-5.6.15.Final.jar;C:\Users\Admin\.m2\repository\org\jboss\logging\jboss-logging\3.4.3.Final\jboss-logging-3.4.3.Final.jar;C:\Users\Admin\.m2\repository\net\bytebuddy\byte-buddy\1.12.23\byte-buddy-1.12.23.jar;C:\Users\Admin\.m2\repository\antlr\antlr\2.7.7\antlr-2.7.7.jar;C:\Users\Admin\.m2\repository\org\jboss\jandex\2.4.2.Final\jandex-2.4.2.Final.jar;C:\Users\Admin\.m2\repository\com\fasterxml\classmate\1.5.1\classmate-1.5.1.jar;C:\Users\Admin\.m2\repository\org\hibernate\common\hibernate-commons-annotations\5.1.2.Final\hibernate-commons-annotations-5.1.2.Final.jar;C:\Users\Admin\.m2\repository\org\glassfish\jaxb\jaxb-runtime\2.3.8\jaxb-runtime-2.3.8.jar;C:\Users\Admin\.m2\repository\org\glassfish\jaxb\txw2\2.3.8\txw2-2.3.8.jar;C:\Users\Admin\.m2\repository\com\sun\istack\istack-commons-runtime\3.0.12\istack-commons-runtime-3.0.12.jar;C:\Users\Admin\.m2\repository\com\sun\activation\jakarta.activation\1.2.2\jakarta.activation-1.2.2.jar;C:\Users\Admin\.m2\repository\org\springframework\data\spring-data-jpa\2.7.14\spring-data-jpa-2.7.14.jar;C:\Users\Admin\.m2\repository\org\springframework\data\spring-data-commons\2.7.14\spring-data-commons-2.7.14.jar;C:\Users\Admin\.m2\repository\org\springframework\spring-orm\5.3.29\spring-orm-5.3.29.jar;C:\Users\Admin\.m2\repository\org\springframework\spring-aspects\5.3.29\spring-aspects-5.3.29.jar;C:\Users\Admin\.m2\repository\com\mysql\mysql-connector-j\8.0.33\mysql-connector-j-8.0.33.jar;C:\Users\Admin\.m2\repository\org\springframework\boot\spring-boot-starter-security\2.7.14\spring-boot-starter-security-2.7.14.jar;C:\Users\Admin\.m2\repository\org\springframework\spring-aop\5.3.29\spring-aop-5.3.29.jar;C:\Users\Admin\.m2\repository\org\springframework\security\spring-security-config\5.7.10\spring-security-config-5.7.10.jar;C:\Users\Admin\.m2\repository\org\springframework\security\spring-security-core\5.7.10\spring-security-core-5.7.10.jar;C:\Users\Admin\.m2\repository\org\springframework\security\spring-security-crypto\5.7.10\spring-security-crypto-5.7.10.jar;C:\Users\Admin\.m2\repository\org\springframework\security\spring-security-web\5.7.10\spring-security-web-5.7.10.jar;C:\Users\Admin\.m2\repository\jakarta\xml\bind\jakarta.xml.bind-api\2.3.3\jakarta.xml.bind-api-2.3.3.jar;C:\Users\Admin\.m2\repository\jakarta\activation\jakarta.activation-api\1.2.2\jakarta.activation-api-1.2.2.jar;C:\Users\Admin\.m2\repository\org\springframework\spring-core\5.3.29\spring-core-5.3.29.jar;C:\Users\Admin\.m2\repository\org\springframework\spring-jcl\5.3.29\spring-jcl-5.3.29.jar
Launcher Type: SUN_STANDARD

[Global flags]
     intx CICompilerCount                          = 3                                         {product} {ergonomic}
     uint ConcGCThreads                            = 1                                         {product} {ergonomic}
     uint G1ConcRefinementThreads                  = 4                                         {product} {ergonomic}
   size_t G1HeapRegionSize                         = 2097152                                   {product} {ergonomic}
    uintx GCDrainStackTargetSize                   = 64                                        {product} {ergonomic}
   size_t InitialHeapSize                          = 268435456                                 {product} {ergonomic}
     bool ManagementServer                         = true                                      {product} {command line}
   size_t MarkStackSize                            = 4194304                                   {product} {ergonomic}
   size_t MaxHeapSize                              = 4273995776                                {product} {ergonomic}
   size_t MaxNewSize                               = 2562719744                                {product} {ergonomic}
   size_t MinHeapDeltaBytes                        = 2097152                                   {product} {ergonomic}
   size_t MinHeapSize                              = 8388608                                   {product} {ergonomic}
    uintx NonNMethodCodeHeapSize                   = 4096                                   {pd product} {ergonomic}
    uintx NonProfiledCodeHeapSize                  = 0                                      {pd product} {ergonomic}
     bool ProfileInterpreter                       = false                                  {pd product} {command line}
    uintx ProfiledCodeHeapSize                     = 0                                      {pd product} {ergonomic}
     bool ShowCodeDetailsInExceptionMessages       = true                                   {manageable} {command line}
   size_t SoftMaxHeapSize                          = 4273995776                             {manageable} {ergonomic}
     intx TieredStopAtLevel                        = 1                                         {product} {command line}
     bool UseCompressedOops                        = true                           {product lp64_product} {ergonomic}
     bool UseG1GC                                  = true                                      {product} {ergonomic}
     bool UseLargePagesIndividualAllocation        = false                                  {pd product} {ergonomic}

Logging:
Log output configuration:
 #0: stdout all=warning uptime,level,tags foldmultilines=false
 #1: stderr all=off uptime,level,tags foldmultilines=false

Environment Variables:
PATH=C:\Babu-Data\spring-tool-suite-4-4.21.0.RELEASE-e4.30.0-win32.win32.x86_64.self-extracting\contents\sts-4.21.0.RELEASE\plugins\org.eclipse.justj.openjdk.hotspot.jre.full.win32.x86_64_21.0.2.v20240123-0840\jre\bin;C:/Babu-Data/spring-tool-suite-4-4.21.0.RELEASE-e4.30.0-win32.win32.x86_64.self-extracting/contents/sts-4.21.0.RELEASE//plugins/org.eclipse.justj.openjdk.hotspot.jre.full.win32.x86_64_21.0.2.v20240123-0840/jre/bin/server;C:/Babu-Data/spring-tool-suite-4-4.21.0.RELEASE-e4.30.0-win32.win32.x86_64.self-extracting/contents/sts-4.21.0.RELEASE//plugins/org.eclipse.justj.openjdk.hotspot.jre.full.win32.x86_64_21.0.2.v20240123-0840/jre/bin;C:\ProgramData\Oracle\Java\javapath;C:\Program Files\Common Files\Oracle\Java\javapath;C:\Windows\system32;C:\Windows;C:\Windows\System32\Wbem;C:\Windows\System32\WindowsPowerShell\v1.0\;C:\Windows\System32\OpenSSH\;C:\Program Files\Git\cmd;C:\Program Files\MySQL\MySQL Shell 8.0\bin\;C:\Users\Admin\AppData\Local\Microsoft\WindowsApps;C:\ProgramData\Admin\GitHubDesktop\bin;C:\Babu-Data\spring-tool-suite-4-4.21.0.RELEASE-e4.30.0-win32.win32.x86_64.self-extracting\contents\sts-4.21.0.RELEASE;
USERNAME=Admin
OS=Windows_NT
PROCESSOR_IDENTIFIER=Intel64 Family 6 Model 142 Stepping 9, GenuineIntel
TMP=C:\Users\Admin\AppData\Local\Temp
TEMP=C:\Users\Admin\AppData\Local\Temp




Periodic native trim disabled

---------------  S Y S T E M  ---------------

OS:
 Windows 10 , 64 bit Build 19041 (10.0.19041.3636)
OS uptime: 4 days 2:59 hours

CPU: total 4 (initial active 4) (2 cores per cpu, 2 threads per core) family 6 model 142 stepping 9 microcode 0xb4, cx8, cmov, fxsr, ht, mmx, 3dnowpref, sse, sse2, sse3, ssse3, sse4.1, sse4.2, popcnt, lzcnt, tsc, tscinvbit, avx, avx2, aes, erms, clmul, bmi1, bmi2, adx, fma, vzeroupper, clflush, clflushopt, rdtscp, f16c
Processor Information for processor 0
  Max Mhz: 2701, Current Mhz: 2701, Mhz Limit: 2701
Processor Information for processor 1
  Max Mhz: 2701, Current Mhz: 2701, Mhz Limit: 2701
Processor Information for processor 2
  Max Mhz: 2701, Current Mhz: 1500, Mhz Limit: 2701
Processor Information for processor 3
  Max Mhz: 2701, Current Mhz: 2701, Mhz Limit: 2701

Memory: 4k page, system-wide physical 16300M (8764M free)
TotalPageFile size 18732M (AvailPageFile size 9093M)
current process WorkingSet (physical memory assigned to process): 276M, peak: 282M
current process commit charge ("private bytes"): 300M, peak: 354M

vm_info: OpenJDK 64-Bit Server VM (21.0.2+13-LTS) for windows-amd64 JRE (21.0.2+13-LTS), built on 2024-01-16T00:00:00Z by "admin" with unknown MS VC++:1937

END.
